Log file open, 09/29/22 18:43:51
LogWindows: Failed to load 'aqProf.dll' (GetLastError=126)
LogWindows: File 'aqProf.dll' does not exist
LogWindows: Failed to load 'VtuneApi.dll' (GetLastError=126)
LogWindows: File 'VtuneApi.dll' does not exist
LogWindows: Failed to load 'VtuneApi32e.dll' (GetLastError=126)
LogWindows: File 'VtuneApi32e.dll' does not exist
LogConsoleResponse: Display: Failed to find resolution value strings in scalability ini. Falling back to default.
LogConsoleResponse: Display: Failed to find resolution value strings in scalability ini. Falling back to default.
LogInit: Display: Running engine for game: 내프로젝트2
LogPlatformFile: Not using cached read wrapper
LogTaskGraph: Started task graph with 5 named threads and 14 total threads with 3 sets of task threads.
LogStats: Stats thread started at 0.268999
LogICUInternationalization: ICU TimeZone Detection - Raw Offset: +9:00, Platform Override: ''
LogInit: Display: Loading text-based GConfig....
LogPluginManager: Mounting plugin MeshPainting
LogPluginManager: Mounting plugin XGEController
LogPluginManager: Mounting plugin Paper2D
LogPluginManager: Mounting plugin AISupport
LogPluginManager: Mounting plugin EnvironmentQueryEditor
LogPluginManager: Mounting plugin LightPropagationVolume
LogPluginManager: Mounting plugin CameraShakePreviewer
LogPluginManager: Mounting plugin GameplayCameras
LogPluginManager: Mounting plugin AnimationSharing
LogPluginManager: Mounting plugin CLionSourceCodeAccess
LogPluginManager: Mounting plugin CodeLiteSourceCodeAccess
LogPluginManager: Mounting plugin GitSourceControl
LogPluginManager: Mounting plugin KDevelopSourceCodeAccess
LogPluginManager: Mounting plugin NullSourceCodeAccess
LogPluginManager: Mounting plugin PerforceSourceControl
LogPluginManager: Mounting plugin PixWinPlugin
LogPluginManager: Mounting plugin PlasticSourceControl
LogPluginManager: Mounting plugin PluginUtils
LogPluginManager: Mounting plugin PropertyAccessNode
LogPluginManager: Mounting plugin RiderSourceCodeAccess
LogPluginManager: Mounting plugin SubversionSourceControl
LogPluginManager: Mounting plugin TextureFormatOodle
LogPluginManager: Mounting plugin AssetManagerEditor
LogPluginManager: Mounting plugin LiveLink
LogPluginManager: Mounting plugin VisualStudioCodeSourceCodeAccess
LogPluginManager: Mounting plugin UObjectPlugin
LogPluginManager: Mounting plugin VisualStudioSourceCodeAccess
LogPluginManager: Mounting plugin XCodeSourceCodeAccess
LogPluginManager: Mounting plugin CurveEditorTools
LogPluginManager: Mounting plugin DataValidation
LogPluginManager: Mounting plugin FacialAnimation
LogPluginManager: Mounting plugin GameplayTagsEditor
LogPluginManager: Mounting plugin GeometryMode
LogPluginManager: Mounting plugin MacGraphicsSwitching
LogPluginManager: Mounting plugin MaterialAnalyzer
LogPluginManager: Mounting plugin CryptoKeys
LogPluginManager: Mounting plugin MobileLauncherProfileWizard
LogPluginManager: Mounting plugin PluginBrowser
LogPluginManager: Mounting plugin SpeedTreeImporter
LogPluginManager: Mounting plugin DatasmithContent
LogPluginManager: Mounting plugin VariantManagerContent
LogPluginManager: Mounting plugin AlembicImporter
LogPluginManager: Mounting plugin AutomationUtils
LogPluginManager: Mounting plugin BackChannel
LogPluginManager: Mounting plugin ChaosCloth
LogPluginManager: Mounting plugin ChaosClothEditor
LogPluginManager: Mounting plugin ChaosEditor
LogPluginManager: Mounting plugin ChaosNiagara
LogPluginManager: Mounting plugin ChaosSolverPlugin
LogPluginManager: Mounting plugin CharacterAI
LogPluginManager: Mounting plugin GeometryCache
LogPluginManager: Mounting plugin GeometryCollectionPlugin
LogPluginManager: Mounting plugin Niagara
LogPluginManager: Mounting plugin GeometryProcessing
LogPluginManager: Mounting plugin MotoSynth
LogPluginManager: Mounting plugin OpenImageDenoise
LogPluginManager: Mounting plugin PlanarCut
LogPluginManager: Mounting plugin PlatformCrypto
LogPluginManager: Mounting plugin ProxyLODPlugin
LogPluginManager: Mounting plugin PythonScriptPlugin
LogPluginManager: Mounting plugin SkeletalReduction
LogPluginManager: Mounting plugin LuminPlatformFeatures
LogPluginManager: Mounting plugin MagicLeap
LogPluginManager: Mounting plugin MagicLeapLightEstimation
LogPluginManager: Mounting plugin MagicLeapMedia
LogPluginManager: Mounting plugin MagicLeapPassableWorld
LogPluginManager: Mounting plugin MLSDK
LogPluginManager: Mounting plugin AndroidMedia
LogPluginManager: Mounting plugin AvfMedia
LogPluginManager: Mounting plugin ImgMedia
LogPluginManager: Mounting plugin MediaCompositing
LogPluginManager: Mounting plugin MediaPlayerEditor
LogPluginManager: Mounting plugin WebMMedia
LogPluginManager: Mounting plugin WmfMedia
LogPluginManager: Mounting plugin TcpMessaging
LogPluginManager: Mounting plugin UdpMessaging
LogPluginManager: Mounting plugin ActorSequence
LogPluginManager: Mounting plugin MatineeToLevelSequence
LogPluginManager: Mounting plugin LevelSequenceEditor
LogPluginManager: Mounting plugin TemplateSequence
LogPluginManager: Mounting plugin OodleData
LogPluginManager: Mounting plugin OodleNetwork
LogPluginManager: Mounting plugin ActorLayerUtilities
LogPluginManager: Mounting plugin LauncherChunkInstaller
LogPluginManager: Mounting plugin AndroidDeviceProfileSelector
LogPluginManager: Mounting plugin AndroidPermission
LogPluginManager: Mounting plugin AppleImageUtils
LogPluginManager: Mounting plugin AppleMoviePlayer
LogPluginManager: Mounting plugin ArchVisCharacter
LogPluginManager: Mounting plugin AssetTags
LogPluginManager: Mounting plugin AudioCapture
LogPluginManager: Mounting plugin AudioSynesthesia
LogPluginManager: Mounting plugin CableComponent
LogPluginManager: Mounting plugin ChunkDownloader
LogPluginManager: Mounting plugin CustomMeshComponent
LogPluginManager: Mounting plugin AndroidMoviePlayer
LogPluginManager: Mounting plugin EditableMesh
LogPluginManager: Mounting plugin GoogleCloudMessaging
LogPluginManager: Mounting plugin GooglePAD
LogPluginManager: Mounting plugin ExampleDeviceProfileSelector
LogPluginManager: Mounting plugin LinuxDeviceProfileSelector
LogPluginManager: Mounting plugin LocationServicesBPLibrary
LogPluginManager: Mounting plugin IOSDeviceProfileSelector
LogPluginManager: Mounting plugin MobilePatchingUtils
LogPluginManager: Mounting plugin OpenXR
LogPluginManager: Mounting plugin OpenXREyeTracker
LogPluginManager: Mounting plugin OpenXRHandTracking
LogPluginManager: Mounting plugin PhysXVehicles
LogPluginManager: Mounting plugin PostSplashScreen
LogPluginManager: Mounting plugin ProceduralMeshComponent
LogPluginManager: Mounting plugin PropertyAccessEditor
LogPluginManager: Mounting plugin RuntimePhysXCooking
LogPluginManager: Mounting plugin SignificanceManager
LogPluginManager: Mounting plugin SoundFields
LogPluginManager: Mounting plugin Synthesis
LogPluginManager: Mounting plugin WebMMoviePlayer
LogPluginManager: Mounting plugin WindowsMoviePlayer
LogPluginManager: Mounting plugin OnlineSubsystem
LogPluginManager: Mounting plugin OnlineSubsystemNull
LogPluginManager: Mounting plugin OnlineSubsystemUtils
LogPluginManager: Mounting plugin ScreenshotTools
LogPluginManager: Mounting plugin Takes
LogPluginManager: Mounting plugin ContentBrowserAssetDataSource
LogPluginManager: Mounting plugin ContentBrowserClassDataSource
LogPluginManager: Mounting plugin ContentBrowserFileDataSource
LogPluginManager: Mounting plugin OculusVR
LogPluginManager: Mounting plugin SteamVR
LogPluginManager: Mounting plugin OnlineSubsystemGooglePlay
LogPluginManager: Mounting plugin OnlineSubsystemIOS
PixWinPlugin: PIX capture plugin failed to initialize! Check that the process is launched from PIX.
LogInit: Using libcurl 7.55.1-DEV
LogInit:  - built for x86_64-pc-win32
LogInit:  - supports SSL with OpenSSL/1.1.1
LogInit:  - supports HTTP deflate (compression) using libz 1.2.8
LogInit:  - other features:
LogInit:      CURL_VERSION_SSL
LogInit:      CURL_VERSION_LIBZ
LogInit:      CURL_VERSION_IPV6
LogInit:      CURL_VERSION_ASYNCHDNS
LogInit:      CURL_VERSION_LARGEFILE
LogInit:      CURL_VERSION_IDN
LogInit:  CurlRequestOptions (configurable via config and command line):
LogInit:  - bVerifyPeer = true  - Libcurl will verify peer certificate
LogInit:  - bUseHttpProxy = false  - Libcurl will NOT use HTTP proxy
LogInit:  - bDontReuseConnections = false  - Libcurl will reuse connections
LogInit:  - MaxHostConnections = 16  - Libcurl will limit the number of connections to a host
LogInit:  - LocalHostAddr = Default
LogInit:  - BufferSize = 65536
LogOnline: OSS: Creating online subsystem instance for: NULL
LogInit: WinSock: version 1.1 (2.2), MaxSocks=32767, MaxUdp=65467
LogOnline: OSS: TryLoadSubsystemAndSetDefault: Loaded subsystem for module [NULL]
LogOculusPluginWrapper: OculusPlugin initialized successfully
LogHMD: Failed initializing OVRPlugin 1.59.0
LogInit: Build: ++UE4+Release-4.27-CL-18319896
LogInit: Engine Version: 4.27.2-18319896+++UE4+Release-4.27
LogInit: Compatible Engine Version: 4.27.0-17155196+++UE4+Release-4.27
LogInit: Net CL: 17155196
LogInit: OS: Windows 10 (Release 2009) (), CPU: Intel(R) Core(TM) i5-6600 CPU @ 3.30GHz, GPU: NVIDIA GeForce GTX 1060 3GB
LogInit: Compiled (64-bit): Nov 30 2021 07:12:08
LogInit: Compiled with Visual C++: 19.24.28315.00
LogInit: Build Configuration: Development
LogInit: Branch Name: ++UE4+Release-4.27
LogInit: Command Line: 
LogInit: Base Directory: D:/EpicGames/UE_4.27/Engine/Binaries/Win64/
LogInit: Allocator: TBB
LogInit: Installed Engine Build: 1
LogDevObjectVersion: Number of dev versions registered: 29
LogDevObjectVersion:   Dev-Blueprints (B0D832E4-1F89-4F0D-ACCF-7EB736FD4AA2): 10
LogDevObjectVersion:   Dev-Build (E1C64328-A22C-4D53-A36C-8E866417BD8C): 0
LogDevObjectVersion:   Dev-Core (375EC13C-06E4-48FB-B500-84F0262A717E): 4
LogDevObjectVersion:   Dev-Editor (E4B068ED-F494-42E9-A231-DA0B2E46BB41): 40
LogDevObjectVersion:   Dev-Framework (CFFC743F-43B0-4480-9391-14DF171D2073): 37
LogDevObjectVersion:   Dev-Mobile (B02B49B5-BB20-44E9-A304-32B752E40360): 3
LogDevObjectVersion:   Dev-Networking (A4E4105C-59A1-49B5-A7C5-40C4547EDFEE): 0
LogDevObjectVersion:   Dev-Online (39C831C9-5AE6-47DC-9A44-9C173E1C8E7C): 0
LogDevObjectVersion:   Dev-Physics (78F01B33-EBEA-4F98-B9B4-84EACCB95AA2): 14
LogDevObjectVersion:   Dev-Platform (6631380F-2D4D-43E0-8009-CF276956A95A): 0
LogDevObjectVersion:   Dev-Rendering (12F88B9F-8875-4AFC-A67C-D90C383ABD29): 45
LogDevObjectVersion:   Dev-Sequencer (7B5AE74C-D270-4C10-A958-57980B212A5A): 13
LogDevObjectVersion:   Dev-VR (D7296918-1DD6-4BDD-9DE2-64A83CC13884): 3
LogDevObjectVersion:   Dev-LoadTimes (C2A15278-BFE7-4AFE-6C17-90FF531DF755): 1
LogDevObjectVersion:   Private-Geometry (6EACA3D4-40EC-4CC1-B786-8BED09428FC5): 3
LogDevObjectVersion:   Dev-AnimPhys (29E575DD-E0A3-4627-9D10-D276232CDCEA): 17
LogDevObjectVersion:   Dev-Anim (AF43A65D-7FD3-4947-9873-3E8ED9C1BB05): 15
LogDevObjectVersion:   Dev-ReflectionCapture (6B266CEC-1EC7-4B8F-A30B-E4D90942FC07): 1
LogDevObjectVersion:   Dev-Automation (0DF73D61-A23F-47EA-B727-89E90C41499A): 1
LogDevObjectVersion:   FortniteMain (601D1886-AC64-4F84-AA16-D3DE0DEAC7D6): 47
LogDevObjectVersion:   FortniteRelease (E7086368-6B23-4C58-8439-1B7016265E91): 1
LogDevObjectVersion:   Dev-Enterprise (9DFFBCD6-494F-0158-E221-12823C92A888): 10
LogDevObjectVersion:   Dev-Niagara (F2AED0AC-9AFE-416F-8664-AA7FFA26D6FC): 1
LogDevObjectVersion:   Dev-Destruction (174F1F0B-B4C6-45A5-B13F-2EE8D0FB917D): 10
LogDevObjectVersion:   Dev-Physics-Ext (35F94A83-E258-406C-A318-09F59610247C): 41
LogDevObjectVersion:   Dev-PhysicsMaterial-Chaos (B68FC16E-8B1B-42E2-B453-215C058844FE): 1
LogDevObjectVersion:   Dev-CineCamera (B2E18506-4273-CFC2-A54E-F4BB758BBA07): 1
LogDevObjectVersion:   Dev-VirtualProduction (64F58936-FD1B-42BA-BA96-7289D5D0FA4E): 1
LogDevObjectVersion:   Dev-MediaFramework (6F0ED827-A609-4895-9C91-998D90180EA4): 2
LogInit: Presizing for max 25165824 objects, including 0 objects not considered by GC, pre-allocating 0 bytes for permanent pool.
LogConfig: Applying CVar settings from Section [/Script/Engine.StreamingSettings] File [../../../firstproject/내프로젝트2/Saved/Config/Windows/Engine.ini]
LogConfig: Setting CVar [[s.MinBulkDataSizeForAsyncLoading:131072]]
LogConfig: Setting CVar [[s.AsyncLoadingThreadEnabled:0]]
LogConfig: Setting CVar [[s.EventDrivenLoaderEnabled:1]]
LogConfig: Setting CVar [[s.WarnIfTimeLimitExceeded:0]]
LogConfig: Setting CVar [[s.TimeLimitExceededMultiplier:1.5]]
LogConfig: Setting CVar [[s.TimeLimitExceededMinTime:0.005]]
LogConfig: Setting CVar [[s.UseBackgroundLevelStreaming:1]]
LogConfig: Setting CVar [[s.PriorityAsyncLoadingExtraTime:15.0]]
LogConfig: Setting CVar [[s.LevelStreamingActorsUpdateTimeLimit:5.0]]
LogConfig: Setting CVar [[s.PriorityLevelStreamingActorsUpdateExtraTime:5.0]]
LogConfig: Setting CVar [[s.LevelStreamingComponentsRegistrationGranularity:10]]
LogConfig: Setting CVar [[s.UnregisterComponentsTimeLimit:1.0]]
LogConfig: Setting CVar [[s.LevelStreamingComponentsUnregistrationGranularity:5]]
LogConfig: Setting CVar [[s.FlushStreamingOnExit:1]]
LogInit: Object subsystem initialized
LogConfig: Setting CVar [[con.DebugEarlyDefault:1]]
LogConfig: Setting CVar [[r.setres:1280x720]]
[2022.09.29-09.43.51:841][  0]LogConfig: Setting CVar [[r.VSync:0]]
[2022.09.29-09.43.51:841][  0]LogConfig: Setting CVar [[r.RHICmdBypass:0]]
[2022.09.29-09.43.51:841][  0]LogConfig: Applying CVar settings from Section [/Script/Engine.RendererSettings] File [../../../firstproject/내프로젝트2/Saved/Config/Windows/Engine.ini]
[2022.09.29-09.43.51:841][  0]LogConfig: Setting CVar [[r.GPUCrashDebugging:0]]
[2022.09.29-09.43.51:841][  0]LogConfig: Applying CVar settings from Section [/Script/Engine.RendererOverrideSettings] File [../../../firstproject/내프로젝트2/Saved/Config/Windows/Engine.ini]
[2022.09.29-09.43.51:841][  0]LogConfig: Applying CVar settings from Section [/Script/Engine.StreamingSettings] File [../../../firstproject/내프로젝트2/Saved/Config/Windows/Engine.ini]
[2022.09.29-09.43.51:841][  0]LogConfig: Setting CVar [[s.MinBulkDataSizeForAsyncLoading:131072]]
[2022.09.29-09.43.51:841][  0]LogConfig: Setting CVar [[s.AsyncLoadingThreadEnabled:0]]
[2022.09.29-09.43.51:841][  0]LogConfig: Setting CVar [[s.EventDrivenLoaderEnabled:1]]
[2022.09.29-09.43.51:841][  0]LogConfig: Setting CVar [[s.WarnIfTimeLimitExceeded:0]]
[2022.09.29-09.43.51:841][  0]LogConfig: Setting CVar [[s.TimeLimitExceededMultiplier:1.5]]
[2022.09.29-09.43.51:841][  0]LogConfig: Setting CVar [[s.TimeLimitExceededMinTime:0.005]]
[2022.09.29-09.43.51:841][  0]LogConfig: Setting CVar [[s.UseBackgroundLevelStreaming:1]]
[2022.09.29-09.43.51:841][  0]LogConfig: Setting CVar [[s.PriorityAsyncLoadingExtraTime:15.0]]
[2022.09.29-09.43.51:841][  0]LogConfig: Setting CVar [[s.LevelStreamingActorsUpdateTimeLimit:5.0]]
[2022.09.29-09.43.51:841][  0]LogConfig: Setting CVar [[s.PriorityLevelStreamingActorsUpdateExtraTime:5.0]]
[2022.09.29-09.43.51:841][  0]LogConfig: Setting CVar [[s.LevelStreamingComponentsRegistrationGranularity:10]]
[2022.09.29-09.43.51:841][  0]LogConfig: Setting CVar [[s.UnregisterComponentsTimeLimit:1.0]]
[2022.09.29-09.43.51:841][  0]LogConfig: Setting CVar [[s.LevelStreamingComponentsUnregistrationGranularity:5]]
[2022.09.29-09.43.51:841][  0]LogConfig: Setting CVar [[s.FlushStreamingOnExit:1]]
[2022.09.29-09.43.51:842][  0]LogConfig: Applying CVar settings from Section [/Script/Engine.GarbageCollectionSettings] File [../../../firstproject/내프로젝트2/Saved/Config/Windows/Engine.ini]
[2022.09.29-09.43.51:842][  0]LogConfig: Setting CVar [[gc.MaxObjectsNotConsideredByGC:1]]
[2022.09.29-09.43.51:842][  0]LogConfig: Setting CVar [[gc.SizeOfPermanentObjectPool:0]]
[2022.09.29-09.43.51:842][  0]LogConfig: Setting CVar [[gc.FlushStreamingOnGC:0]]
[2022.09.29-09.43.51:842][  0]LogConfig: Setting CVar [[gc.NumRetriesBeforeForcingGC:10]]
[2022.09.29-09.43.51:842][  0]LogConfig: Setting CVar [[gc.AllowParallelGC:1]]
[2022.09.29-09.43.51:842][  0]LogConfig: Setting CVar [[gc.TimeBetweenPurgingPendingKillObjects:61.1]]
[2022.09.29-09.43.51:842][  0]LogConfig: Setting CVar [[gc.MaxObjectsInEditor:25165824]]
[2022.09.29-09.43.51:842][  0]LogConfig: Setting CVar [[gc.IncrementalBeginDestroyEnabled:1]]
[2022.09.29-09.43.51:842][  0]LogConfig: Setting CVar [[gc.CreateGCClusters:1]]
[2022.09.29-09.43.51:842][  0]LogConfig: Setting CVar [[gc.MinGCClusterSize:5]]
[2022.09.29-09.43.51:842][  0]LogConfig: Setting CVar [[gc.ActorClusteringEnabled:0]]
[2022.09.29-09.43.51:842][  0]LogConfig: Setting CVar [[gc.BlueprintClusteringEnabled:0]]
[2022.09.29-09.43.51:842][  0]LogConfig: Setting CVar [[gc.UseDisregardForGCOnDedicatedServers:0]]
[2022.09.29-09.43.51:842][  0]LogConfig: Setting CVar [[gc.MultithreadedDestructionEnabled:1]]
[2022.09.29-09.43.51:842][  0]LogConfig: Applying CVar settings from Section [/Script/Engine.NetworkSettings] File [../../../firstproject/내프로젝트2/Saved/Config/Windows/Engine.ini]
[2022.09.29-09.43.51:842][  0]LogConfig: Applying CVar settings from Section [/Script/UnrealEd.CookerSettings] File [../../../firstproject/내프로젝트2/Saved/Config/Windows/Engine.ini]
[2022.09.29-09.43.51:858][  0]LogConfig: Applying CVar settings from Section [ViewDistanceQuality@3] File [../../../firstproject/내프로젝트2/Saved/Config/Windows/Scalability.ini]
[2022.09.29-09.43.51:858][  0]LogConfig: Setting CVar [[r.SkeletalMeshLODBias:0]]
[2022.09.29-09.43.51:858][  0]LogConfig: Setting CVar [[r.ViewDistanceScale:1.0]]
[2022.09.29-09.43.51:858][  0]LogConfig: Applying CVar settings from Section [AntiAliasingQuality@3] File [../../../firstproject/내프로젝트2/Saved/Config/Windows/Scalability.ini]
[2022.09.29-09.43.51:858][  0]LogConfig: Setting CVar [[r.PostProcessAAQuality:4]]
[2022.09.29-09.43.51:858][  0]LogConfig: Applying CVar settings from Section [ShadowQuality@3] File [../../../firstproject/내프로젝트2/Saved/Config/Windows/Scalability.ini]
[2022.09.29-09.43.51:858][  0]LogConfig: Setting CVar [[r.LightFunctionQuality:1]]
[2022.09.29-09.43.51:858][  0]LogConfig: Setting CVar [[r.ShadowQuality:5]]
[2022.09.29-09.43.51:858][  0]LogConfig: Setting CVar [[r.Shadow.CSM.MaxCascades:10]]
[2022.09.29-09.43.51:858][  0]LogConfig: Setting CVar [[r.Shadow.MaxResolution:2048]]
[2022.09.29-09.43.51:858][  0]LogConfig: Setting CVar [[r.Shadow.MaxCSMResolution:2048]]
[2022.09.29-09.43.51:858][  0]LogConfig: Setting CVar [[r.Shadow.RadiusThreshold:0.01]]
[2022.09.29-09.43.51:858][  0]LogConfig: Setting CVar [[r.Shadow.DistanceScale:1.0]]
[2022.09.29-09.43.51:858][  0]LogConfig: Setting CVar [[r.Shadow.CSM.TransitionScale:1.0]]
[2022.09.29-09.43.51:858][  0]LogConfig: Setting CVar [[r.Shadow.PreShadowResolutionFactor:1.0]]
[2022.09.29-09.43.51:858][  0]LogConfig: Setting CVar [[r.DistanceFieldShadowing:1]]
[2022.09.29-09.43.51:858][  0]LogConfig: Setting CVar [[r.DistanceFieldAO:1]]
[2022.09.29-09.43.51:858][  0]LogConfig: Setting CVar [[r.AOQuality:2]]
[2022.09.29-09.43.51:858][  0]LogConfig: Setting CVar [[r.VolumetricFog:1]]
[2022.09.29-09.43.51:858][  0]LogConfig: Setting CVar [[r.VolumetricFog.GridPixelSize:8]]
[2022.09.29-09.43.51:858][  0]LogConfig: Setting CVar [[r.VolumetricFog.GridSizeZ:128]]
[2022.09.29-09.43.51:858][  0]LogConfig: Setting CVar [[r.VolumetricFog.HistoryMissSupersampleCount:4]]
[2022.09.29-09.43.51:858][  0]LogConfig: Setting CVar [[r.LightMaxDrawDistanceScale:1]]
[2022.09.29-09.43.51:858][  0]LogConfig: Setting CVar [[r.CapsuleShadows:1]]
[2022.09.29-09.43.51:858][  0]LogConfig: Applying CVar settings from Section [PostProcessQuality@3] File [../../../firstproject/내프로젝트2/Saved/Config/Windows/Scalability.ini]
[2022.09.29-09.43.51:858][  0]LogConfig: Setting CVar [[r.MotionBlurQuality:4]]
[2022.09.29-09.43.51:858][  0]LogConfig: Setting CVar [[r.AmbientOcclusionMipLevelFactor:0.4]]
[2022.09.29-09.43.51:858][  0]LogConfig: Setting CVar [[r.AmbientOcclusionMaxQuality:100]]
[2022.09.29-09.43.51:858][  0]LogConfig: Setting CVar [[r.AmbientOcclusionLevels:-1]]
[2022.09.29-09.43.51:858][  0]LogConfig: Setting CVar [[r.AmbientOcclusionRadiusScale:1.0]]
[2022.09.29-09.43.51:858][  0]LogConfig: Setting CVar [[r.DepthOfFieldQuality:2]]
[2022.09.29-09.43.51:858][  0]LogConfig: Setting CVar [[r.RenderTargetPoolMin:400]]
[2022.09.29-09.43.51:858][  0]LogConfig: Setting CVar [[r.LensFlareQuality:2]]
[2022.09.29-09.43.51:858][  0]LogConfig: Setting CVar [[r.SceneColorFringeQuality:1]]
[2022.09.29-09.43.51:858][  0]LogConfig: Setting CVar [[r.EyeAdaptationQuality:2]]
[2022.09.29-09.43.51:858][  0]LogConfig: Setting CVar [[r.BloomQuality:5]]
[2022.09.29-09.43.51:858][  0]LogConfig: Setting CVar [[r.FastBlurThreshold:100]]
[2022.09.29-09.43.51:858][  0]LogConfig: Setting CVar [[r.Upscale.Quality:3]]
[2022.09.29-09.43.51:858][  0]LogConfig: Setting CVar [[r.Tonemapper.GrainQuantization:1]]
[2022.09.29-09.43.51:858][  0]LogConfig: Setting CVar [[r.LightShaftQuality:1]]
[2022.09.29-09.43.51:858][  0]LogConfig: Setting CVar [[r.Filter.SizeScale:1]]
[2022.09.29-09.43.51:858][  0]LogConfig: Setting CVar [[r.Tonemapper.Quality:5]]
[2022.09.29-09.43.51:858][  0]LogConfig: Setting CVar [[r.DOF.Gather.AccumulatorQuality:1        ; higher gathering accumulator quality]]
[2022.09.29-09.43.51:858][  0]LogConfig: Setting CVar [[r.DOF.Gather.PostfilterMethod:1          ; Median3x3 postfilering method]]
[2022.09.29-09.43.51:858][  0]LogConfig: Setting CVar [[r.DOF.Gather.EnableBokehSettings:0       ; no bokeh simulation when gathering]]
[2022.09.29-09.43.51:858][  0]LogConfig: Setting CVar [[r.DOF.Gather.RingCount:4                 ; medium number of samples when gathering]]
[2022.09.29-09.43.51:858][  0]LogConfig: Setting CVar [[r.DOF.Scatter.ForegroundCompositing:1    ; additive foreground scattering]]
[2022.09.29-09.43.51:858][  0]LogConfig: Setting CVar [[r.DOF.Scatter.BackgroundCompositing:2    ; additive background scattering]]
[2022.09.29-09.43.51:858][  0]LogConfig: Setting CVar [[r.DOF.Scatter.EnableBokehSettings:1      ; bokeh simulation when scattering]]
[2022.09.29-09.43.51:858][  0]LogConfig: Setting CVar [[r.DOF.Scatter.MaxSpriteRatio:0.1         ; only a maximum of 10% of scattered bokeh]]
[2022.09.29-09.43.51:858][  0]LogConfig: Setting CVar [[r.DOF.Recombine.Quality:1                ; cheap slight out of focus]]
[2022.09.29-09.43.51:858][  0]LogConfig: Setting CVar [[r.DOF.Recombine.EnableBokehSettings:0    ; no bokeh simulation on slight out of focus]]
[2022.09.29-09.43.51:858][  0]LogConfig: Setting CVar [[r.DOF.TemporalAAQuality:1                ; more stable temporal accumulation]]
[2022.09.29-09.43.51:858][  0]LogConfig: Setting CVar [[r.DOF.Kernel.MaxForegroundRadius:0.025]]
[2022.09.29-09.43.51:858][  0]LogConfig: Setting CVar [[r.DOF.Kernel.MaxBackgroundRadius:0.025]]
[2022.09.29-09.43.51:858][  0]LogConfig: Applying CVar settings from Section [TextureQuality@3] File [../../../firstproject/내프로젝트2/Saved/Config/Windows/Scalability.ini]
[2022.09.29-09.43.51:858][  0]LogConfig: Setting CVar [[r.Streaming.MipBias:0]]
[2022.09.29-09.43.51:858][  0]LogConfig: Setting CVar [[r.Streaming.AmortizeCPUToGPUCopy:0]]
[2022.09.29-09.43.51:858][  0]LogConfig: Setting CVar [[r.Streaming.MaxNumTexturesToStreamPerFrame:0]]
[2022.09.29-09.43.51:858][  0]LogConfig: Setting CVar [[r.Streaming.Boost:1]]
[2022.09.29-09.43.51:858][  0]LogConfig: Setting CVar [[r.MaxAnisotropy:8]]
[2022.09.29-09.43.51:858][  0]LogConfig: Setting CVar [[r.VT.MaxAnisotropy:8]]
[2022.09.29-09.43.51:858][  0]LogConfig: Setting CVar [[r.Streaming.LimitPoolSizeToVRAM:0]]
[2022.09.29-09.43.51:858][  0]LogConfig: Setting CVar [[r.Streaming.PoolSize:1000]]
[2022.09.29-09.43.51:858][  0]LogConfig: Setting CVar [[r.Streaming.MaxEffectiveScreenSize:0]]
[2022.09.29-09.43.51:859][  0]LogConfig: Applying CVar settings from Section [EffectsQuality@3] File [../../../firstproject/내프로젝트2/Saved/Config/Windows/Scalability.ini]
[2022.09.29-09.43.51:859][  0]LogConfig: Setting CVar [[r.TranslucencyLightingVolumeDim:64]]
[2022.09.29-09.43.51:859][  0]LogConfig: Setting CVar [[r.RefractionQuality:2]]
[2022.09.29-09.43.51:859][  0]LogConfig: Setting CVar [[r.SSR.Quality:3]]
[2022.09.29-09.43.51:859][  0]LogConfig: Setting CVar [[r.SSR.HalfResSceneColor:0]]
[2022.09.29-09.43.51:859][  0]LogConfig: Setting CVar [[r.SceneColorFormat:4]]
[2022.09.29-09.43.51:859][  0]LogConfig: Setting CVar [[r.DetailMode:2]]
[2022.09.29-09.43.51:859][  0]LogConfig: Setting CVar [[r.TranslucencyVolumeBlur:1]]
[2022.09.29-09.43.51:859][  0]LogConfig: Setting CVar [[r.MaterialQualityLevel:1 ; High quality]]
[2022.09.29-09.43.51:859][  0]LogConfig: Setting CVar [[r.AnisotropicMaterials:1]]
[2022.09.29-09.43.51:859][  0]LogConfig: Setting CVar [[r.SSS.Scale:1]]
[2022.09.29-09.43.51:859][  0]LogConfig: Setting CVar [[r.SSS.SampleSet:2]]
[2022.09.29-09.43.51:859][  0]LogConfig: Setting CVar [[r.SSS.Quality:1]]
[2022.09.29-09.43.51:859][  0]LogConfig: Setting CVar [[r.SSS.HalfRes:0]]
[2022.09.29-09.43.51:859][  0]LogConfig: Setting CVar [[r.SSGI.Quality:3]]
[2022.09.29-09.43.51:859][  0]LogConfig: Setting CVar [[r.EmitterSpawnRateScale:1.0]]
[2022.09.29-09.43.51:859][  0]LogConfig: Setting CVar [[r.ParticleLightQuality:2]]
[2022.09.29-09.43.51:859][  0]LogConfig: Setting CVar [[r.SkyAtmosphere.AerialPerspectiveLUT.FastApplyOnOpaque:1 ; Always have FastSkyLUT 1 in this case to avoid wrong sky]]
[2022.09.29-09.43.51:859][  0]LogConfig: Setting CVar [[r.SkyAtmosphere.AerialPerspectiveLUT.SampleCountMaxPerSlice:4]]
[2022.09.29-09.43.51:859][  0]LogConfig: Setting CVar [[r.SkyAtmosphere.AerialPerspectiveLUT.DepthResolution:16.0]]
[2022.09.29-09.43.51:859][  0]LogConfig: Setting CVar [[r.SkyAtmosphere.FastSkyLUT:1]]
[2022.09.29-09.43.51:859][  0]LogConfig: Setting CVar [[r.SkyAtmosphere.FastSkyLUT.SampleCountMin:4.0]]
[2022.09.29-09.43.51:859][  0]LogConfig: Setting CVar [[r.SkyAtmosphere.FastSkyLUT.SampleCountMax:128.0]]
[2022.09.29-09.43.51:859][  0]LogConfig: Setting CVar [[r.SkyAtmosphere.SampleCountMin:4.0]]
[2022.09.29-09.43.51:859][  0]LogConfig: Setting CVar [[r.SkyAtmosphere.SampleCountMax:128.0]]
[2022.09.29-09.43.51:859][  0]LogConfig: Setting CVar [[r.SkyAtmosphere.TransmittanceLUT.UseSmallFormat:0]]
[2022.09.29-09.43.51:859][  0]LogConfig: Setting CVar [[r.SkyAtmosphere.TransmittanceLUT.SampleCount:10.0]]
[2022.09.29-09.43.51:859][  0]LogConfig: Setting CVar [[r.SkyAtmosphere.MultiScatteringLUT.SampleCount:15.0]]
[2022.09.29-09.43.51:859][  0]LogConfig: Setting CVar [[r.SkyLight.RealTimeReflectionCapture:1]]
[2022.09.29-09.43.51:859][  0]LogConfig: Applying CVar settings from Section [FoliageQuality@3] File [../../../firstproject/내프로젝트2/Saved/Config/Windows/Scalability.ini]
[2022.09.29-09.43.51:859][  0]LogConfig: Setting CVar [[foliage.DensityScale:1.0]]
[2022.09.29-09.43.51:859][  0]LogConfig: Setting CVar [[grass.DensityScale:1.0]]
[2022.09.29-09.43.51:859][  0]LogConfig: Applying CVar settings from Section [ShadingQuality@3] File [../../../firstproject/내프로젝트2/Saved/Config/Windows/Scalability.ini]
[2022.09.29-09.43.51:859][  0]LogConfig: Setting CVar [[r.HairStrands.SkyLighting.IntegrationType:2]]
[2022.09.29-09.43.51:859][  0]LogConfig: Setting CVar [[r.HairStrands.SkyAO.SampleCount:4]]
[2022.09.29-09.43.51:859][  0]LogConfig: Setting CVar [[r.HairStrands.Visibility.MSAA.SamplePerPixel:4]]
[2022.09.29-09.43.51:859][  0]LogInit: Selected Device Profile: [Windows]
[2022.09.29-09.43.51:859][  0]LogInit: Applying CVar settings loaded from the selected device profile: [Windows]
[2022.09.29-09.43.51:859][  0]LogHAL: Display: Platform has ~ 24 GB [25687740416 / 34359738368 / 24], which maps to Larger [LargestMinGB=32, LargerMinGB=12, DefaultMinGB=8, SmallerMinGB=6, SmallestMinGB=0)
[2022.09.29-09.43.51:859][  0]LogInit: Going up to parent DeviceProfile []
[2022.09.29-09.43.51:859][  0]LogConfig: Applying CVar settings from Section [ViewDistanceQuality@3] File [../../../firstproject/내프로젝트2/Saved/Config/Windows/Scalability.ini]
[2022.09.29-09.43.51:859][  0]LogConfig: Setting CVar [[r.SkeletalMeshLODBias:0]]
[2022.09.29-09.43.51:859][  0]LogConfig: Setting CVar [[r.ViewDistanceScale:1.0]]
[2022.09.29-09.43.51:859][  0]LogConfig: Applying CVar settings from Section [AntiAliasingQuality@3] File [../../../firstproject/내프로젝트2/Saved/Config/Windows/Scalability.ini]
[2022.09.29-09.43.51:859][  0]LogConfig: Setting CVar [[r.PostProcessAAQuality:4]]
[2022.09.29-09.43.51:859][  0]LogConfig: Applying CVar settings from Section [ShadowQuality@3] File [../../../firstproject/내프로젝트2/Saved/Config/Windows/Scalability.ini]
[2022.09.29-09.43.51:859][  0]LogConfig: Setting CVar [[r.LightFunctionQuality:1]]
[2022.09.29-09.43.51:859][  0]LogConfig: Setting CVar [[r.ShadowQuality:5]]
[2022.09.29-09.43.51:859][  0]LogConfig: Setting CVar [[r.Shadow.CSM.MaxCascades:10]]
[2022.09.29-09.43.51:859][  0]LogConfig: Setting CVar [[r.Shadow.MaxResolution:2048]]
[2022.09.29-09.43.51:859][  0]LogConfig: Setting CVar [[r.Shadow.MaxCSMResolution:2048]]
[2022.09.29-09.43.51:859][  0]LogConfig: Setting CVar [[r.Shadow.RadiusThreshold:0.01]]
[2022.09.29-09.43.51:859][  0]LogConfig: Setting CVar [[r.Shadow.DistanceScale:1.0]]
[2022.09.29-09.43.51:859][  0]LogConfig: Setting CVar [[r.Shadow.CSM.TransitionScale:1.0]]
[2022.09.29-09.43.51:859][  0]LogConfig: Setting CVar [[r.Shadow.PreShadowResolutionFactor:1.0]]
[2022.09.29-09.43.51:859][  0]LogConfig: Setting CVar [[r.DistanceFieldShadowing:1]]
[2022.09.29-09.43.51:859][  0]LogConfig: Setting CVar [[r.DistanceFieldAO:1]]
[2022.09.29-09.43.51:859][  0]LogConfig: Setting CVar [[r.AOQuality:2]]
[2022.09.29-09.43.51:859][  0]LogConfig: Setting CVar [[r.VolumetricFog:1]]
[2022.09.29-09.43.51:859][  0]LogConfig: Setting CVar [[r.VolumetricFog.GridPixelSize:8]]
[2022.09.29-09.43.51:859][  0]LogConfig: Setting CVar [[r.VolumetricFog.GridSizeZ:128]]
[2022.09.29-09.43.51:859][  0]LogConfig: Setting CVar [[r.VolumetricFog.HistoryMissSupersampleCount:4]]
[2022.09.29-09.43.51:859][  0]LogConfig: Setting CVar [[r.LightMaxDrawDistanceScale:1]]
[2022.09.29-09.43.51:859][  0]LogConfig: Setting CVar [[r.CapsuleShadows:1]]
[2022.09.29-09.43.51:859][  0]LogConfig: Applying CVar settings from Section [PostProcessQuality@3] File [../../../firstproject/내프로젝트2/Saved/Config/Windows/Scalability.ini]
[2022.09.29-09.43.51:860][  0]LogConfig: Setting CVar [[r.MotionBlurQuality:4]]
[2022.09.29-09.43.51:860][  0]LogConfig: Setting CVar [[r.AmbientOcclusionMipLevelFactor:0.4]]
[2022.09.29-09.43.51:860][  0]LogConfig: Setting CVar [[r.AmbientOcclusionMaxQuality:100]]
[2022.09.29-09.43.51:860][  0]LogConfig: Setting CVar [[r.AmbientOcclusionLevels:-1]]
[2022.09.29-09.43.51:860][  0]LogConfig: Setting CVar [[r.AmbientOcclusionRadiusScale:1.0]]
[2022.09.29-09.43.51:860][  0]LogConfig: Setting CVar [[r.DepthOfFieldQuality:2]]
[2022.09.29-09.43.51:860][  0]LogConfig: Setting CVar [[r.RenderTargetPoolMin:400]]
[2022.09.29-09.43.51:860][  0]LogConfig: Setting CVar [[r.LensFlareQuality:2]]
[2022.09.29-09.43.51:860][  0]LogConfig: Setting CVar [[r.SceneColorFringeQuality:1]]
[2022.09.29-09.43.51:860][  0]LogConfig: Setting CVar [[r.EyeAdaptationQuality:2]]
[2022.09.29-09.43.51:860][  0]LogConfig: Setting CVar [[r.BloomQuality:5]]
[2022.09.29-09.43.51:860][  0]LogConfig: Setting CVar [[r.FastBlurThreshold:100]]
[2022.09.29-09.43.51:860][  0]LogConfig: Setting CVar [[r.Upscale.Quality:3]]
[2022.09.29-09.43.51:860][  0]LogConfig: Setting CVar [[r.Tonemapper.GrainQuantization:1]]
[2022.09.29-09.43.51:860][  0]LogConfig: Setting CVar [[r.LightShaftQuality:1]]
[2022.09.29-09.43.51:860][  0]LogConfig: Setting CVar [[r.Filter.SizeScale:1]]
[2022.09.29-09.43.51:860][  0]LogConfig: Setting CVar [[r.Tonemapper.Quality:5]]
[2022.09.29-09.43.51:860][  0]LogConfig: Setting CVar [[r.DOF.Gather.AccumulatorQuality:1        ; higher gathering accumulator quality]]
[2022.09.29-09.43.51:860][  0]LogConfig: Setting CVar [[r.DOF.Gather.PostfilterMethod:1          ; Median3x3 postfilering method]]
[2022.09.29-09.43.51:860][  0]LogConfig: Setting CVar [[r.DOF.Gather.EnableBokehSettings:0       ; no bokeh simulation when gathering]]
[2022.09.29-09.43.51:860][  0]LogConfig: Setting CVar [[r.DOF.Gather.RingCount:4                 ; medium number of samples when gathering]]
[2022.09.29-09.43.51:860][  0]LogConfig: Setting CVar [[r.DOF.Scatter.ForegroundCompositing:1    ; additive foreground scattering]]
[2022.09.29-09.43.51:860][  0]LogConfig: Setting CVar [[r.DOF.Scatter.BackgroundCompositing:2    ; additive background scattering]]
[2022.09.29-09.43.51:860][  0]LogConfig: Setting CVar [[r.DOF.Scatter.EnableBokehSettings:1      ; bokeh simulation when scattering]]
[2022.09.29-09.43.51:860][  0]LogConfig: Setting CVar [[r.DOF.Scatter.MaxSpriteRatio:0.1         ; only a maximum of 10% of scattered bokeh]]
[2022.09.29-09.43.51:860][  0]LogConfig: Setting CVar [[r.DOF.Recombine.Quality:1                ; cheap slight out of focus]]
[2022.09.29-09.43.51:860][  0]LogConfig: Setting CVar [[r.DOF.Recombine.EnableBokehSettings:0    ; no bokeh simulation on slight out of focus]]
[2022.09.29-09.43.51:860][  0]LogConfig: Setting CVar [[r.DOF.TemporalAAQuality:1                ; more stable temporal accumulation]]
[2022.09.29-09.43.51:860][  0]LogConfig: Setting CVar [[r.DOF.Kernel.MaxForegroundRadius:0.025]]
[2022.09.29-09.43.51:860][  0]LogConfig: Setting CVar [[r.DOF.Kernel.MaxBackgroundRadius:0.025]]
[2022.09.29-09.43.51:860][  0]LogConfig: Applying CVar settings from Section [TextureQuality@3] File [../../../firstproject/내프로젝트2/Saved/Config/Windows/Scalability.ini]
[2022.09.29-09.43.51:860][  0]LogConfig: Setting CVar [[r.Streaming.MipBias:0]]
[2022.09.29-09.43.51:860][  0]LogConfig: Setting CVar [[r.Streaming.AmortizeCPUToGPUCopy:0]]
[2022.09.29-09.43.51:860][  0]LogConfig: Setting CVar [[r.Streaming.MaxNumTexturesToStreamPerFrame:0]]
[2022.09.29-09.43.51:860][  0]LogConfig: Setting CVar [[r.Streaming.Boost:1]]
[2022.09.29-09.43.51:860][  0]LogConfig: Setting CVar [[r.MaxAnisotropy:8]]
[2022.09.29-09.43.51:860][  0]LogConfig: Setting CVar [[r.VT.MaxAnisotropy:8]]
[2022.09.29-09.43.51:860][  0]LogConfig: Setting CVar [[r.Streaming.LimitPoolSizeToVRAM:0]]
[2022.09.29-09.43.51:860][  0]LogConfig: Setting CVar [[r.Streaming.PoolSize:1000]]
[2022.09.29-09.43.51:860][  0]LogConfig: Setting CVar [[r.Streaming.MaxEffectiveScreenSize:0]]
[2022.09.29-09.43.51:860][  0]LogConfig: Applying CVar settings from Section [EffectsQuality@3] File [../../../firstproject/내프로젝트2/Saved/Config/Windows/Scalability.ini]
[2022.09.29-09.43.51:860][  0]LogConfig: Setting CVar [[r.TranslucencyLightingVolumeDim:64]]
[2022.09.29-09.43.51:860][  0]LogConfig: Setting CVar [[r.RefractionQuality:2]]
[2022.09.29-09.43.51:860][  0]LogConfig: Setting CVar [[r.SSR.Quality:3]]
[2022.09.29-09.43.51:860][  0]LogConfig: Setting CVar [[r.SSR.HalfResSceneColor:0]]
[2022.09.29-09.43.51:860][  0]LogConfig: Setting CVar [[r.SceneColorFormat:4]]
[2022.09.29-09.43.51:860][  0]LogConfig: Setting CVar [[r.DetailMode:2]]
[2022.09.29-09.43.51:860][  0]LogConfig: Setting CVar [[r.TranslucencyVolumeBlur:1]]
[2022.09.29-09.43.51:860][  0]LogConfig: Setting CVar [[r.MaterialQualityLevel:1 ; High quality]]
[2022.09.29-09.43.51:860][  0]LogConfig: Setting CVar [[r.AnisotropicMaterials:1]]
[2022.09.29-09.43.51:860][  0]LogConfig: Setting CVar [[r.SSS.Scale:1]]
[2022.09.29-09.43.51:860][  0]LogConfig: Setting CVar [[r.SSS.SampleSet:2]]
[2022.09.29-09.43.51:860][  0]LogConfig: Setting CVar [[r.SSS.Quality:1]]
[2022.09.29-09.43.51:860][  0]LogConfig: Setting CVar [[r.SSS.HalfRes:0]]
[2022.09.29-09.43.51:860][  0]LogConfig: Setting CVar [[r.SSGI.Quality:3]]
[2022.09.29-09.43.51:860][  0]LogConfig: Setting CVar [[r.EmitterSpawnRateScale:1.0]]
[2022.09.29-09.43.51:860][  0]LogConfig: Setting CVar [[r.ParticleLightQuality:2]]
[2022.09.29-09.43.51:860][  0]LogConfig: Setting CVar [[r.SkyAtmosphere.AerialPerspectiveLUT.FastApplyOnOpaque:1 ; Always have FastSkyLUT 1 in this case to avoid wrong sky]]
[2022.09.29-09.43.51:860][  0]LogConfig: Setting CVar [[r.SkyAtmosphere.AerialPerspectiveLUT.SampleCountMaxPerSlice:4]]
[2022.09.29-09.43.51:860][  0]LogConfig: Setting CVar [[r.SkyAtmosphere.AerialPerspectiveLUT.DepthResolution:16.0]]
[2022.09.29-09.43.51:860][  0]LogConfig: Setting CVar [[r.SkyAtmosphere.FastSkyLUT:1]]
[2022.09.29-09.43.51:860][  0]LogConfig: Setting CVar [[r.SkyAtmosphere.FastSkyLUT.SampleCountMin:4.0]]
[2022.09.29-09.43.51:860][  0]LogConfig: Setting CVar [[r.SkyAtmosphere.FastSkyLUT.SampleCountMax:128.0]]
[2022.09.29-09.43.51:860][  0]LogConfig: Setting CVar [[r.SkyAtmosphere.SampleCountMin:4.0]]
[2022.09.29-09.43.51:860][  0]LogConfig: Setting CVar [[r.SkyAtmosphere.SampleCountMax:128.0]]
[2022.09.29-09.43.51:860][  0]LogConfig: Setting CVar [[r.SkyAtmosphere.TransmittanceLUT.UseSmallFormat:0]]
[2022.09.29-09.43.51:860][  0]LogConfig: Setting CVar [[r.SkyAtmosphere.TransmittanceLUT.SampleCount:10.0]]
[2022.09.29-09.43.51:860][  0]LogConfig: Setting CVar [[r.SkyAtmosphere.MultiScatteringLUT.SampleCount:15.0]]
[2022.09.29-09.43.51:860][  0]LogConfig: Setting CVar [[r.SkyLight.RealTimeReflectionCapture:1]]
[2022.09.29-09.43.51:860][  0]LogConfig: Applying CVar settings from Section [FoliageQuality@3] File [../../../firstproject/내프로젝트2/Saved/Config/Windows/Scalability.ini]
[2022.09.29-09.43.51:860][  0]LogConfig: Setting CVar [[foliage.DensityScale:1.0]]
[2022.09.29-09.43.51:860][  0]LogConfig: Setting CVar [[grass.DensityScale:1.0]]
[2022.09.29-09.43.51:861][  0]LogConfig: Applying CVar settings from Section [ShadingQuality@3] File [../../../firstproject/내프로젝트2/Saved/Config/Windows/Scalability.ini]
[2022.09.29-09.43.51:861][  0]LogConfig: Setting CVar [[r.HairStrands.SkyLighting.IntegrationType:2]]
[2022.09.29-09.43.51:861][  0]LogConfig: Setting CVar [[r.HairStrands.SkyAO.SampleCount:4]]
[2022.09.29-09.43.51:861][  0]LogConfig: Setting CVar [[r.HairStrands.Visibility.MSAA.SamplePerPixel:4]]
[2022.09.29-09.43.51:861][  0]LogConfig: Applying CVar settings from Section [Startup] File [../../../Engine/Config/ConsoleVariables.ini]
[2022.09.29-09.43.51:861][  0]LogConfig: Setting CVar [[net.UseAdaptiveNetUpdateFrequency:0]]
[2022.09.29-09.43.51:861][  0]LogConfig: Setting CVar [[p.chaos.AllowCreatePhysxBodies:1]]
[2022.09.29-09.43.51:861][  0]LogConfig: Setting CVar [[fx.SkipVectorVMBackendOptimizations:1]]
[2022.09.29-09.43.51:861][  0]LogConfig: Applying CVar settings from Section [ConsoleVariables] File [../../../firstproject/내프로젝트2/Saved/Config/Windows/Engine.ini]
[2022.09.29-09.43.51:861][  0]LogConfig: Applying CVar settings from Section [ConsoleVariables] File [../../../firstproject/내프로젝트2/Saved/Config/Windows/Editor.ini]
[2022.09.29-09.43.51:861][  0]LogInit: Computer: DESKTOP-R2T483U
[2022.09.29-09.43.51:861][  0]LogInit: User: User
[2022.09.29-09.43.51:861][  0]LogInit: CPU Page size=4096, Cores=4
[2022.09.29-09.43.51:861][  0]LogInit: High frequency timer resolution =10.000000 MHz
[2022.09.29-09.43.51:861][  0]LogMemory: Memory total: Physical=23.9GB (24GB approx)
[2022.09.29-09.43.51:861][  0]LogMemory: Platform Memory Stats for Windows
[2022.09.29-09.43.51:861][  0]LogMemory: Process Physical Memory: 141.67 MB used, 141.67 MB peak
[2022.09.29-09.43.51:861][  0]LogMemory: Process Virtual Memory: 111.34 MB used, 111.34 MB peak
[2022.09.29-09.43.51:861][  0]LogMemory: Physical Memory: 6830.15 MB used,  17667.59 MB free, 24497.74 MB total
[2022.09.29-09.43.51:861][  0]LogMemory: Virtual Memory: 134198808.00 MB used,  18920.93 MB free, 134217728.00 MB total
[2022.09.29-09.43.51:943][  0]LogWindows: WindowsPlatformFeatures enabled
[2022.09.29-09.43.52:023][  0]LogInit: Physics initialised using underlying interface: PhysX
[2022.09.29-09.43.52:024][  0]LogInit: Using OS detected language (ko-KR).
[2022.09.29-09.43.52:024][  0]LogInit: Using OS detected locale (ko-KR).
[2022.09.29-09.43.52:026][  0]LogTextLocalizationManager: No specific localization for 'ko-KR' exists, so the 'ko' localization will be used.
[2022.09.29-09.43.52:155][  0]LogInit: Setting process to per monitor DPI aware
[2022.09.29-09.43.52:199][  0]LogWindowsTextInputMethodSystem: Display: IME system deactivated.
[2022.09.29-09.43.52:214][  0]LogSlate: New Slate User Created.  User Index 0, Is Virtual User: 0
[2022.09.29-09.43.52:214][  0]LogSlate: Slate User Registered.  User Index 0, Is Virtual User: 0
[2022.09.29-09.43.52:421][  0]LogD3D11RHI: Loaded GFSDK_Aftermath_Lib.x64.dll
[2022.09.29-09.43.52:426][  0]LogHMD: Failed to initialize OpenVR with code 110
[2022.09.29-09.43.52:426][  0]LogD3D11RHI: D3D11 min allowed feature level: 11_0
[2022.09.29-09.43.52:426][  0]LogD3D11RHI: D3D11 max allowed feature level: 11_0
[2022.09.29-09.43.52:426][  0]LogD3D11RHI: D3D11 adapters:
[2022.09.29-09.43.52:594][  0]LogD3D11RHI:    0. 'NVIDIA GeForce GTX 1060 3GB' (Feature Level 11_0)
[2022.09.29-09.43.52:594][  0]LogD3D11RHI:       2988/0/12248 MB DedicatedVideo/DedicatedSystem/SharedSystem, Outputs:1, VendorId:0x10de
[2022.09.29-09.43.52:597][  0]LogD3D11RHI:    1. 'Microsoft Basic Render Driver' (Feature Level 11_0)
[2022.09.29-09.43.52:597][  0]LogD3D11RHI:       0/0/12248 MB DedicatedVideo/DedicatedSystem/SharedSystem, Outputs:0, VendorId:0x1414
[2022.09.29-09.43.52:597][  0]LogD3D11RHI: Chosen D3D11 Adapter:
[2022.09.29-09.43.52:597][  0]LogD3D11RHI:     Description : NVIDIA GeForce GTX 1060 3GB
[2022.09.29-09.43.52:597][  0]LogD3D11RHI:     VendorId    : 10de
[2022.09.29-09.43.52:597][  0]LogD3D11RHI:     DeviceId    : 1c02
[2022.09.29-09.43.52:597][  0]LogD3D11RHI:     SubSysId    : 1c0210de
[2022.09.29-09.43.52:597][  0]LogD3D11RHI:     Revision    : 00a1
[2022.09.29-09.43.52:597][  0]LogD3D11RHI:     DedicatedVideoMemory : 3133145088 bytes
[2022.09.29-09.43.52:597][  0]LogD3D11RHI:     DedicatedSystemMemory : 0 bytes
[2022.09.29-09.43.52:597][  0]LogD3D11RHI:     SharedSystemMemory : 12843870208 bytes
[2022.09.29-09.43.52:597][  0]LogD3D11RHI:     AdapterLuid : 0 48268
[2022.09.29-09.43.52:604][  0]LogD3D11RHI: Creating new Direct3DDevice
[2022.09.29-09.43.52:604][  0]LogD3D11RHI:     GPU DeviceId: 0x1c02 (for the marketing name, search the web for "GPU Device Id")
[2022.09.29-09.43.52:604][  0]LogWindows: EnumDisplayDevices:
[2022.09.29-09.43.52:604][  0]LogWindows:    0. 'NVIDIA GeForce GTX 1060 3GB' (P:1 D:1)
[2022.09.29-09.43.52:605][  0]LogWindows:    1. 'NVIDIA GeForce GTX 1060 3GB' (P:0 D:0)
[2022.09.29-09.43.52:605][  0]LogWindows:    2. 'NVIDIA GeForce GTX 1060 3GB' (P:0 D:0)
[2022.09.29-09.43.52:606][  0]LogWindows:    3. 'NVIDIA GeForce GTX 1060 3GB' (P:0 D:0)
[2022.09.29-09.43.52:606][  0]LogWindows: DebugString: FoundDriverCount:4 
[2022.09.29-09.43.52:606][  0]LogD3D11RHI:     Adapter Name: NVIDIA GeForce GTX 1060 3GB
[2022.09.29-09.43.52:606][  0]LogD3D11RHI:   Driver Version: 512.15 (internal:30.0.15.1215, unified:512.15)
[2022.09.29-09.43.52:606][  0]LogD3D11RHI:      Driver Date: 3-17-2022
[2022.09.29-09.43.52:606][  0]LogRHI: Texture pool is 2091 MB (70% of 2988 MB)
[2022.09.29-09.43.52:606][  0]LogD3D11RHI: Creating D3DDevice using adapter:
[2022.09.29-09.43.52:606][  0]LogD3D11RHI:     Description : NVIDIA GeForce GTX 1060 3GB
[2022.09.29-09.43.52:606][  0]LogD3D11RHI:     VendorId    : 10de
[2022.09.29-09.43.52:606][  0]LogD3D11RHI:     DeviceId    : 1c02
[2022.09.29-09.43.52:606][  0]LogD3D11RHI:     SubSysId    : 1c0210de
[2022.09.29-09.43.52:606][  0]LogD3D11RHI:     Revision    : 00a1
[2022.09.29-09.43.52:606][  0]LogD3D11RHI:     DedicatedVideoMemory : 3133145088 bytes
[2022.09.29-09.43.52:606][  0]LogD3D11RHI:     DedicatedSystemMemory : 0 bytes
[2022.09.29-09.43.52:606][  0]LogD3D11RHI:     SharedSystemMemory : 12843870208 bytes
[2022.09.29-09.43.52:606][  0]LogD3D11RHI:     AdapterLuid : 0 48268
[2022.09.29-09.43.52:677][  0]LogD3D11RHI: RHI has support for 64 bit atomics
[2022.09.29-09.43.52:678][  0]LogD3D11RHI: Async texture creation enabled
[2022.09.29-09.43.52:678][  0]LogD3D11RHI: Array index from any shader is supported
[2022.09.29-09.43.52:701][  0]LogD3D11RHI: GPU Timing Frequency: 1000.000000 (Debug: 2 1)
[2022.09.29-09.43.52:779][  0]LogRHI: GeForceNow SDK initialized: 1
[2022.09.29-09.43.53:250][  0]LogTargetPlatformManager: Display: Loaded TargetPlatform 'AllDesktop'
[2022.09.29-09.43.53:272][  0]LogTargetPlatformManager: Display: Loaded TargetPlatform 'Android'
[2022.09.29-09.43.53:272][  0]LogTargetPlatformManager: Display: Loaded TargetPlatform 'Android_ASTC'
[2022.09.29-09.43.53:272][  0]LogTargetPlatformManager: Display: Loaded TargetPlatform 'Android_DXT'
[2022.09.29-09.43.53:272][  0]LogTargetPlatformManager: Display: Loaded TargetPlatform 'Android_ETC2'
[2022.09.29-09.43.53:272][  0]LogTargetPlatformManager: Display: Loaded TargetPlatform 'AndroidClient'
[2022.09.29-09.43.53:272][  0]LogTargetPlatformManager: Display: Loaded TargetPlatform 'Android_ASTCClient'
[2022.09.29-09.43.53:272][  0]LogTargetPlatformManager: Display: Loaded TargetPlatform 'Android_DXTClient'
[2022.09.29-09.43.53:272][  0]LogTargetPlatformManager: Display: Loaded TargetPlatform 'Android_ETC2Client'
[2022.09.29-09.43.53:272][  0]LogTargetPlatformManager: Display: Loaded TargetPlatform 'Android_Multi'
[2022.09.29-09.43.53:272][  0]LogTargetPlatformManager: Display: Loaded TargetPlatform 'Android_MultiClient'
[2022.09.29-09.43.53:292][  0]LogTargetPlatformManager: Display: Loaded TargetPlatform 'IOSClient'
[2022.09.29-09.43.53:292][  0]LogTargetPlatformManager: Display: Loaded TargetPlatform 'IOS'
[2022.09.29-09.43.53:302][  0]LogTargetPlatformManager: Display: Loaded TargetPlatform 'Linux'
[2022.09.29-09.43.53:307][  0]LogTargetPlatformManager: Display: Loaded TargetPlatform 'LinuxNoEditor'
[2022.09.29-09.43.53:312][  0]LogTargetPlatformManager: Display: Loaded TargetPlatform 'LinuxClient'
[2022.09.29-09.43.53:318][  0]LogTargetPlatformManager: Display: Loaded TargetPlatform 'LinuxServer'
[2022.09.29-09.43.53:327][  0]LogTargetPlatformManager: Display: Loaded TargetPlatform 'LinuxAArch64NoEditor'
[2022.09.29-09.43.53:332][  0]LogTargetPlatformManager: Display: Loaded TargetPlatform 'LinuxAArch64Client'
[2022.09.29-09.43.53:338][  0]LogTargetPlatformManager: Display: Loaded TargetPlatform 'LinuxAArch64Server'
[2022.09.29-09.43.53:364][  0]LogTargetPlatformManager: Display: Loaded TargetPlatform 'Lumin'
[2022.09.29-09.43.53:364][  0]LogTargetPlatformManager: Display: Loaded TargetPlatform 'LuminClient'
[2022.09.29-09.43.53:372][  0]LogTargetPlatformManager: Display: Loaded TargetPlatform 'MacNoEditor'
[2022.09.29-09.43.53:378][  0]LogTargetPlatformManager: Display: Loaded TargetPlatform 'Mac'
[2022.09.29-09.43.53:383][  0]LogTargetPlatformManager: Display: Loaded TargetPlatform 'MacClient'
[2022.09.29-09.43.53:386][  0]LogTargetPlatformManager: Display: Loaded TargetPlatform 'MacServer'
[2022.09.29-09.43.53:397][  0]LogTargetPlatformManager: Display: Loaded TargetPlatform 'TVOSClient'
[2022.09.29-09.43.53:397][  0]LogTargetPlatformManager: Display: Loaded TargetPlatform 'TVOS'
[2022.09.29-09.43.53:406][  0]LogTargetPlatformManager: Display: Loaded TargetPlatform 'WindowsNoEditor'
[2022.09.29-09.43.53:411][  0]LogTargetPlatformManager: Display: Loaded TargetPlatform 'Windows'
[2022.09.29-09.43.53:416][  0]LogTargetPlatformManager: Display: Loaded TargetPlatform 'WindowsClient'
[2022.09.29-09.43.53:421][  0]LogTargetPlatformManager: Display: Loaded TargetPlatform 'WindowsServer'
[2022.09.29-09.43.53:421][  0]LogTargetPlatformManager: Display: Building Assets For Windows
[2022.09.29-09.43.53:428][  0]LogAudioDebug: Display: Lib vorbis DLL was dynamically loaded.
[2022.09.29-09.43.53:462][  0]LogTextureFormatOodle: Display: Oodle Texture 2.9.0 init RDO Off
[2022.09.29-09.43.53:497][  0]LogRendererCore: Ray tracing is disabled. Reason: r.RayTracing=0.
[2022.09.29-09.43.53:497][  0]LogShaderCompilers: Guid format shader working directory is 17 characters bigger than the processId version (../../../firstproject/내프로젝트2/Intermediate/Shaders/WorkingDirectory/3004/).
[2022.09.29-09.43.53:498][  0]LogShaderCompilers: Cleaned the shader compiler working directory 'C:/Users/User/AppData/Local/Temp/UnrealShaderWorkingDir/186AD474471A551C931A4D8D66E43AD9/'.
[2022.09.29-09.43.53:498][  0]LogXGEController: Cannot use XGE Controller as Incredibuild is not installed on this machine.
[2022.09.29-09.43.53:498][  0]LogShaderCompilers: Cannot use XGE Shader Compiler as Incredibuild is not installed on this machine.
[2022.09.29-09.43.53:498][  0]LogShaderCompilers: Display: Using Local Shader Compiler.
[2022.09.29-09.43.54:281][  0]LogDerivedDataCache: Display: Max Cache Size: 512 MB
[2022.09.29-09.43.54:354][  0]LogDerivedDataCache: Loaded boot cache 0.07s 94MB C:/Users/User/AppData/Local/UnrealEngine/4.27/DerivedDataCache/Boot.ddc.
[2022.09.29-09.43.54:354][  0]LogDerivedDataCache: Display: Loaded Boot cache: C:/Users/User/AppData/Local/UnrealEngine/4.27/DerivedDataCache/Boot.ddc
[2022.09.29-09.43.54:354][  0]LogDerivedDataCache: FDerivedDataBackendGraph:  Pak pak cache file ../../../firstproject/내프로젝트2/DerivedDataCache/DDC.ddp not found, will not use a pak cache.
[2022.09.29-09.43.54:354][  0]LogDerivedDataCache: Unable to find inner node Pak for hierarchical cache Hierarchy.
[2022.09.29-09.43.54:354][  0]LogDerivedDataCache: FDerivedDataBackendGraph:  CompressedPak pak cache file ../../../firstproject/내프로젝트2/DerivedDataCache/Compressed.ddp not found, will not use a pak cache.
[2022.09.29-09.43.54:354][  0]LogDerivedDataCache: Unable to find inner node CompressedPak for hierarchical cache Hierarchy.
[2022.09.29-09.43.54:372][  0]LogDerivedDataCache: Display: Pak cache opened for reading ../../../Engine/DerivedDataCache/Compressed.ddp.
[2022.09.29-09.43.54:372][  0]LogDerivedDataCache: FDerivedDataBackendGraph:  EnterprisePak pak cache file ../../../Enterprise/DerivedDataCache/Compressed.ddp not found, will not use a pak cache.
[2022.09.29-09.43.54:372][  0]LogDerivedDataCache: Unable to find inner node EnterprisePak for hierarchical cache Hierarchy.
[2022.09.29-09.43.54:382][  0]LogDerivedDataCache: Speed tests for C:/Users/User/AppData/Local/UnrealEngine/Common/DerivedDataCache took 0.01 seconds
[2022.09.29-09.43.54:382][  0]LogDerivedDataCache: Display: Performance to C:/Users/User/AppData/Local/UnrealEngine/Common/DerivedDataCache: Latency=0.12ms. RandomReadSpeed=574.66MBs, RandomWriteSpeed=136.10MBs. Assigned SpeedClass 'Local'
[2022.09.29-09.43.54:383][  0]LogDerivedDataCache: Using Local data cache path C:/Users/User/AppData/Local/UnrealEngine/Common/DerivedDataCache: Writable
[2022.09.29-09.43.54:383][  0]LogDerivedDataCache: Shared data cache path not found in *engine.ini, will not use an Shared cache.
[2022.09.29-09.43.54:383][  0]LogDerivedDataCache: Unable to find inner node Shared for hierarchical cache Hierarchy.
[2022.09.29-09.43.54:434][  0]LogSlate: Using FreeType 2.10.0
[2022.09.29-09.43.54:435][  0]LogSlate: SlateFontServices - WITH_FREETYPE: 1, WITH_HARFBUZZ: 1
[2022.09.29-09.43.54:465][  0]LogAssetRegistry: FAssetRegistry took 0.0028 seconds to start up
[2022.09.29-09.43.54:706][  0]LogInit: Selected Device Profile: [Windows]
[2022.09.29-09.43.54:706][  0]LogInit: Active device profile: [0000025899FFBE00][000002588CADB140 49] Windows
[2022.09.29-09.43.54:706][  0]LogInit: Profiles: [0000025899FFBE00][000002588CADB140 49] Windows, [000002589A007E00][000002588CAE32C0 49] WindowsNoEditor, [0000025899FF8300][000002588CAD3440 49] WindowsServer, [000002589A005A00][000002588CAD75C0 49] WindowsClient, [0000025899FFA600][000002589B379740 49] IOS, [000002589A007B00][000002589B37D8C0 49] iPadAir, [0000025899FF8600][000002588CB99A40 49] iPadAir2, [0000025899FB8E00][000002588CB12180 49] IPadPro, [0000025899FB8F00][000002588CB9C1C0 49] iPadAir3, [0000025899FFB900][000002588A876340 49] iPadAir4, [0000025899FB8700][00000258998984C0 49] iPadMini2, [0000025899FF8700][000002588CBA0640 49] iPadMini3, [0000025899FB9600][000002588CADE780 49] iPadMini4, [0000025899FFB600][000002588C9EE8C0 49] iPadMini5, [000002589A005200][000002588C9F6B00 49] iPhone6, [000002589A005300][000002588C9F2B40 49] iPodTouch6, [0000025899FBBB00][000002588CA02E00 49] iPhone7, [0000025899FBB700][000002588C9FEE40 49] iPodTouch7, [000002589A004F00][000002588CA06FC0 49] iPhone5S, [0000025899FB8900][000002588CA0B140 49] iPhone6Plus, [000002589A004400][000002588CA0F2C0 49] iPhone6S, [0000025899FB8500][000002588CA13440 49] iPhone6SPlus, [000002589A007F00][000002588CA175C0 49] iPhone7Plus, [0000025899FB9000][000002588CA1B740 49] iPhoneSE, [000002589A005C00][000002588CA1F8C0 49] iPhone8, [0000025899FBAE00][000002588CA23A40 49] iPhone8Plus, [000002589A007000][000002588CA27BC0 49] iPhoneX, [0000025899FB9C00][000002588CA2A1C0 49] iPhoneXS, [000002589A005F00][0000025899910340 49] iPhoneXSMax, [0000025899FB8B00][00000258999144C0 49] iPhoneXR, [000002589A006B00][0000025899918640 49] iPhone11, [0000025899FB9E00][000002589991C7C0 49] iPhone11Pro, [000002589A006400][0000025899920940 49] iPhone11ProMax, [0000025899FBB500][000002588C9FAA80 49] iPhoneSE2, [000002589A004C00][0000025899924BC0 49] iPhone12Mini, [0000025899FB9B00][0000025899928D00 49] iPhone12, [000002589A005800][0000025899930E80 49] iPhone12Pro, [0000025899FB8400][0000025899935000 49] iPhone12ProMax, [000002589A007100][0000025899939180 49] iPadPro105, [0000025899FBB200][000002589993D300 49] iPadPro129, [000002589A006C00][0000025899941480 49] iPadPro97, [0000025899FBAF00][0000025899945600 49] iPadPro2_129, [000002589A007200][0000025899949780 49] iPad5, [0000025899FB9800][000002589994D900 49] iPad6, [000002589A004900][0000025899951A80 49] iPad7, [0000025899FBA800][0000025899955C00 49] iPad8, [000002589A004100][0000025899958200 49] iPadPro11, [0000025899FB9300][000002589995C380 49] iPadPro2_11, [000002589A007800][0000025899960500 49] iPadPro3_129, [0000025899FBB000][0000025899964680 49] iPadPro4_129, [000002589A007A00][0000025899968800 49] AppleTV, [0000025899FBBC00][000002589996C980 49] AppleTV4K, [000002589A004600][0000025899BA0B00 49] TVOS, [0000025899FB8100][000002589992CC40 49] Mac, [000002589A006100][0000025899BA4D80 49] MacClient, [0000025899FB8D00][0000025899BA8EC0 49] MacNoEditor, [000002589A004B00][0000025899BB1040 49] MacServer, [0000025899FBBF00][0000025899BB51C0 49] Linux, [000002589A006500][0000025899BB9340 49] LinuxAArch64, [0000025899FBA900][0000025899BBD4C0 49] LinuxNoEditor, [000002589A005B00][0000025899BC1640 49] LinuxAArch64NoEditor, [0000025899FBA100][0000025899BC57C0 49] LinuxClient, [000002589A007600][0000025899BC9940 49] LinuxAArch64Client, [0000025899FBAB00][0000025899BCDAC0 49] LinuxServer, [000002589A007C00][0000025899BD00C0 49] LinuxAArch64Server, [0000025899FB9D00][0000025899BD4240 49] Android, [000002589A004300][0000025899BD83C0 49] Android_Low, [0000025899FBB100][0000025899BDC540 49] Android_Mid, [000002589A007900][0000025899BE06C0 49] Android_High, [0000025899FF8B00][0000025899BE4840 49] Android_Default, [000002589A07C800][0000025899BE89C0 49] Android_Adreno4xx, [0000025899FF8F00][0000025899BECB40 49] Android_Adreno5xx_Low, [000002589A07EA00][0000025899BF0CC0 49] Android_Adreno5xx, [0000025899FFB200][0000025899BACE00 49] Android_Adreno6xx, [000002589A07D200][0000025899BF4F40 49] Android_Adreno6xx_Vulkan, [0000025899FFBC00][0000025899BF9080 49] Android_Mali_T6xx, [000002589A07E700][0000025899BFD1C0 49] Android_Mali_T7xx, [0000025899FF9B00][0000025899C05340 49] Android_Mali_T8xx, [000002589A07CD00][0000025899C094C0 49] Android_Mali_G71, [0000025899FFB700][0000025899C0D640 49] Android_Mali_G72, [000002589A07E400][0000025899C117C0 49] Android_Mali_G72_Vulkan, [0000025899FF9200][0000025899C15940 49] Android_Mali_G76, [000002589A07CA00][0000025899A9BAC0 49] Android_Mali_G76_Vulkan, [0000025899FF8A00][0000025899A9E0C0 49] Android_Mali_G77, [000002589A07C400][0000025899AA2240 49] Android_Mali_G77_Vulkan, [0000025899FFA400][0000025899AA63C0 49] Android_Mali_G78, [000002589A07D400][0000025899AAA540 49] Android_Mali_G78_Vulkan, [0000025899FF9400][0000025899AAE6C0 49] Android_Mali_G710, [000002589A07C300][0000025899AB2840 49] Android_Mali_G710_Vulkan, [0000025899FF8D00][0000025899AB69C0 49] Android_Vulkan_SM5, [000002589A07CC00][0000025899ABAB40 49] Android_PowerVR_G6xxx, [000002589A007D00][0000025899ABECC0 49] Android_PowerVR_GT7xxx, [000002589A07C700][0000025899AC2E40 49] Android_PowerVR_GE8xxx, [000002589A006300][0000025899C00F80 49] Android_PowerVR_GM9xxx, [000002589A07ED00][0000025899AC70C0 49] Android_PowerVR_GM9xxx_Vulkan, [000002589A004700][0000025899ACB200 49] Android_TegraK1, [000002589A07C500][0000025899ACF340 49] Android_Unknown_Vulkan, [000002589A005600][0000025899AD74C0 49] Lumin, [000002589A07D700][0000025899ADB640 49] Lumin_Desktop, [000002589A007700][0000025899ADF7C0 49] HoloLens, 
[2022.09.29-09.43.54:842][  0]LogMeshReduction: Using QuadricMeshReduction for automatic static mesh reduction
[2022.09.29-09.43.54:842][  0]LogMeshReduction: Using SimplygonMeshReduction for automatic skeletal mesh reduction
[2022.09.29-09.43.54:842][  0]LogMeshReduction: Using ProxyLODMeshReduction for automatic mesh merging
[2022.09.29-09.43.54:842][  0]LogMeshReduction: No distributed automatic mesh merging module available
[2022.09.29-09.43.54:842][  0]LogMeshMerging: No distributed automatic mesh merging module available
[2022.09.29-09.43.54:863][  0]LogNetVersion: 내프로젝트2 1.0.0, NetCL: 17155196, EngineNetVer: 17, GameNetVer: 0 (Checksum: 2252151074)
[2022.09.29-09.43.55:336][  0]LogTexture: Default maximum texture size for cubemaps generated from long-lat sources has been changed from 512 to unlimited. In order to preserve old behaiour for '/Engine/MapTemplates/Sky/DaylightAmbientCubemap.DaylightAmbientCubemap', its maximum texture size has been explicitly set to 512.
[2022.09.29-09.43.55:405][  0]LogHMD: PokeAHoleMaterial loaded successfully
[2022.09.29-09.43.55:411][  0]LogUObjectArray: 17178 objects as part of root set at end of initial load.
[2022.09.29-09.43.55:411][  0]LogUObjectAllocator: 4302048 out of 0 bytes used by permanent object pool.
[2022.09.29-09.43.55:411][  0]LogUObjectArray: CloseDisregardForGC: 0/0 objects in disregard for GC pool
[2022.09.29-09.43.55:719][  0]LogNiagaraDebuggerClient: Niagara Debugger Client Initialized | Session: 77950E3F49007C118A5449840573D893 | Instance: 5A0CAA734191A30651B824A140B311D3 (DESKTOP-R2T483U-3004).
[2022.09.29-09.43.55:758][  0]LogPython: Using Python 3.7.7
[2022.09.29-09.43.56:397][  0]LogTcpMessaging: Initializing TcpMessaging bridge
[2022.09.29-09.43.56:402][  0]LogUdpMessaging: Initializing bridge on interface 0.0.0.0:0 to multicast group 230.0.0.1:6666.
[2022.09.29-09.43.56:502][  0]SourceControl: 소스 컨트롤이 꺼졌습니다.
[2022.09.29-09.43.56:502][  0]SourceControl: 소스 컨트롤이 꺼졌습니다.
[2022.09.29-09.43.56:505][  0]SourceControl: 소스 컨트롤이 꺼졌습니다.
[2022.09.29-09.43.56:508][  0]SourceControl: 소스 컨트롤이 꺼졌습니다.
[2022.09.29-09.43.56:519][  0]SourceControl: 소스 컨트롤이 꺼졌습니다.
[2022.09.29-09.43.56:578][  0]LogUProjectInfo: Found projects:
[2022.09.29-09.43.56:812][  0]LogOpenImageDenoise: OIDN starting up
[2022.09.29-09.43.56:863][  0]LogAndroidPermission: UAndroidPermissionCallbackProxy::GetInstance
[2022.09.29-09.43.56:888][  0]LogAudioCaptureCore: Display: No Audio Capture implementations found. Audio input will be silent.
[2022.09.29-09.43.56:888][  0]LogAudioCaptureCore: Display: No Audio Capture implementations found. Audio input will be silent.
[2022.09.29-09.43.57:036][  0]LogCollectionManager: Loaded 0 collections in 0.001179 seconds
[2022.09.29-09.43.57:062][  0]LogFileCache: Scanning file cache for directory 'D:/EpicGames/UE_4.27/firstproject/내프로젝트2/Saved/Collections/' took 0.00s
[2022.09.29-09.43.57:062][  0]LogFileCache: Scanning file cache for directory 'D:/EpicGames/UE_4.27/firstproject/내프로젝트2/Content/Developers/User/Collections/' took 0.00s
[2022.09.29-09.43.57:062][  0]LogFileCache: Scanning file cache for directory 'D:/EpicGames/UE_4.27/firstproject/내프로젝트2/Content/Collections/' took 0.00s
[2022.09.29-09.43.57:062][  0]LogOcInput: OculusInput pre-init called
[2022.09.29-09.43.57:370][  0]LogEngine: Initializing Engine...
[2022.09.29-09.43.57:373][  0]LogHMD: Failed to enumerate extensions. Please check that you have a valid OpenXR runtime installed.
[2022.09.29-09.43.57:373][  0]LogHMD: Failed to initialize OpenVR with code 110
[2022.09.29-09.43.57:373][  0]LogMagicLeap: Warning: VR disabled because ZI is not enabled.  To enable, in the editor, Edit -> Project Settings -> Plugins -> Magic Leap Plugin -> Enable Zero Iteration
[2022.09.29-09.43.57:374][  0]LogStats: UGameplayTagsManager::InitializeManager -  0.000 s
[2022.09.29-09.43.57:510][  0]LogInit: Initializing FReadOnlyCVARCache
[2022.09.29-09.43.57:519][  0]LogAIModule: Creating AISystem for world Untitled
[2022.09.29-09.43.57:531][  0]LogAudio: Display: Initializing Audio Device Manager...
[2022.09.29-09.43.57:536][  0]LogAudio: Display: Loading Default Audio Settings Objects...
[2022.09.29-09.43.57:537][  0]LogAudio: Display: No default SoundConcurrencyObject specified (or failed to load).
[2022.09.29-09.43.57:537][  0]LogAudio: Display: Audio Device Manager Initialized
[2022.09.29-09.43.57:537][  0]LogAudio: Display: Creating Audio Device:                 Id: 1, Scope: Shared, Realtime: True
[2022.09.29-09.43.57:537][  0]LogAudioMixer: Display: Audio Mixer Platform Settings:
[2022.09.29-09.43.57:537][  0]LogAudioMixer: Display: 	Sample Rate:						  48000
[2022.09.29-09.43.57:537][  0]LogAudioMixer: Display: 	Callback Buffer Frame Size Requested: 1024
[2022.09.29-09.43.57:537][  0]LogAudioMixer: Display: 	Callback Buffer Frame Size To Use:	  1024
[2022.09.29-09.43.57:537][  0]LogAudioMixer: Display: 	Number of buffers to queue:			  2
[2022.09.29-09.43.57:537][  0]LogAudioMixer: Display: 	Max Channels (voices):				  32
[2022.09.29-09.43.57:537][  0]LogAudioMixer: Display: 	Number of Async Source Workers:		  0
[2022.09.29-09.43.57:537][  0]LogAudio: Display: AudioDevice MaxSources: 32
[2022.09.29-09.43.57:538][  0]LogAudio: Display: Audio Spatialization Plugin: None (built-in).
[2022.09.29-09.43.57:538][  0]LogAudio: Display: Audio Reverb Plugin: None (built-in).
[2022.09.29-09.43.57:538][  0]LogAudio: Display: Audio Occlusion Plugin: None (built-in).
[2022.09.29-09.43.57:538][  0]LogAudioMixer: Display: Initializing audio mixer.
[2022.09.29-09.43.57:562][  0]LogAudioMixer: Display: 0: FrontLeft
[2022.09.29-09.43.57:563][  0]LogAudioMixer: Display: 1: FrontRight
[2022.09.29-09.43.57:651][  0]LogAudioMixer: Display: Using Audio Device 스피커(Realtek High Definition Audio)
[2022.09.29-09.43.57:653][  0]LogAudioMixer: Display: Initializing Sound Submixes...
[2022.09.29-09.43.57:655][  0]LogAudioMixer: Display: Creating Master Submix 'MasterSubmixDefault'
[2022.09.29-09.43.57:655][  0]LogAudioMixer: Display: Creating Master Submix 'MasterReverbSubmixDefault'
[2022.09.29-09.43.57:657][  0]LogAudioMixer: Display: Creating Master Submix 'MasterEQSubmixDefault'
[2022.09.29-09.43.57:657][  0]LogAudioMixer: FMixerPlatformXAudio2::StartAudioStream() called
[2022.09.29-09.43.57:657][  0]LogAudioMixer: Display: Output buffers initialized: Frames=1024, Channels=2, Samples=2048
[2022.09.29-09.43.57:658][  0]LogAudioMixer: Display: Starting AudioMixerPlatformInterface::RunInternal()
[2022.09.29-09.43.57:658][  0]LogAudioMixer: Display: FMixerPlatformXAudio2::SubmitBuffer() called for the first time
[2022.09.29-09.43.57:658][  0]LogInit: FAudioDevice initialized.
[2022.09.29-09.43.57:658][  0]LogAudio: Display: Audio Device (ID: 1) registered with world 'Untitled'.
[2022.09.29-09.43.57:658][  0]LogNetVersion: Set ProjectVersion to 1.0.0.0. Version Checksum will be recalculated on next use.
[2022.09.29-09.43.57:840][  0]LogDerivedDataCache: Saved boot cache 0.18s 94MB C:/Users/User/AppData/Local/UnrealEngine/4.27/DerivedDataCache/Boot.ddc.
[2022.09.29-09.43.57:840][  0]LogInit: Texture streaming: Enabled
[2022.09.29-09.43.57:853][  0]LogAnalytics: Display: [UEEditor.Rocket.Release] APIServer = https://datarouter.ol.epicgames.com/. AppVersion = 4.27.2-18319896+++UE4+Release-4.27
[2022.09.29-09.43.57:858][  0]LogEngineSessionManager: EngineSessionManager initialized
[2022.09.29-09.43.57:858][  0]LogEditorSessionSummary: Verbose: Initializing EditorSessionSummaryWriter for editor session tracking
[2022.09.29-09.43.57:861][  0]LogEditorSessionSummary: EditorSessionSummaryWriter initialized
[2022.09.29-09.43.57:884][  0]LogInit: Transaction tracking system initialized
[2022.09.29-09.43.57:907][  0]BlueprintLog: New page: 에디터 로드
[2022.09.29-09.43.57:971][  0]LocalizationService: 현지화 서비스가 비활성화되었습니다.
[2022.09.29-09.43.57:996][  0]TimingProfiler: Initialize
[2022.09.29-09.43.57:996][  0]TimingProfiler: OnSessionChanged
[2022.09.29-09.43.57:996][  0]LoadingProfiler: Initialize
[2022.09.29-09.43.57:996][  0]LoadingProfiler: OnSessionChanged
[2022.09.29-09.43.57:996][  0]NetworkingProfiler: Initialize
[2022.09.29-09.43.57:996][  0]NetworkingProfiler: OnSessionChanged
[2022.09.29-09.43.57:996][  0]MemoryProfiler: Initialize
[2022.09.29-09.43.57:996][  0]MemoryProfiler: OnSessionChanged
[2022.09.29-09.43.58:156][  0]LogCook: Display: CookSettings for Memory: MemoryMaxUsedVirtual 0MiB, MemoryMaxUsedPhysical 16384MiB, MemoryMinFreeVirtual 0MiB, MemoryMinFreePhysical 1024MiB
[2022.09.29-09.43.58:156][  0]LogCook: Display: Mobile HDR setting 1
[2022.09.29-09.43.58:367][  0]LogFileCache: Scanning file cache for directory 'D:/EpicGames/UE_4.27/firstproject/내프로젝트2/Content/' took 0.00s
[2022.09.29-09.43.58:649][  0]LogInit: Display: Engine is initialized. Leaving FEngineLoop::Init()
[2022.09.29-09.43.58:653][  0]SourceControl: 소스 컨트롤이 꺼졌습니다.
[2022.09.29-09.43.58:653][  0]LogUnrealEdMisc: Loading editor; pre map load, took 8.353
[2022.09.29-09.43.58:653][  0]Cmd: MAP LOAD FILE="../../../Engine/Content/Maps/Templates/Template_Default.umap" TEMPLATE=1 SHOWPROGRESS=1 FEATURELEVEL=3
[2022.09.29-09.43.58:653][  0]LightingResults: New page: 라이팅 빌드
[2022.09.29-09.43.58:655][  0]LogWorld: UWorld::CleanupWorld for Untitled, bSessionEnded=true, bCleanupResources=true
[2022.09.29-09.43.58:655][  0]LogSlate: InvalidateAllWidgets triggered.  All widgets were invalidated
[2022.09.29-09.43.58:655][  0]MapCheck: New page: 맵 체크
[2022.09.29-09.43.58:655][  0]LightingResults: New page: 라이팅 빌드
[2022.09.29-09.43.58:660][  0]LogAudio: Display: Audio Device unregistered from world 'None'.
[2022.09.29-09.43.58:663][  0]LogUObjectHash: Compacting FUObjectHashTables data took   0.75ms
[2022.09.29-09.43.58:717][  0]LogTexture: Display: 텍스처 빌드: DeprecatedTextureEB9CBE3C423008B5E8E130901E171C89 (BGRA8, 128X128)
[2022.09.29-09.43.58:728][  0]LogAudio: Display: Audio Device (ID: 1) registered with world 'Untitled_1'.
[2022.09.29-09.43.58:731][  0]LogAIModule: Creating AISystem for world Untitled_1
[2022.09.29-09.43.58:737][  0]LogEditorServer: Finished looking for orphan Actors (0.000 secs)
[2022.09.29-09.43.58:745][  0]LogUObjectHash: Compacting FUObjectHashTables data took   0.80ms
[2022.09.29-09.43.58:746][  0]Cmd: MAP CHECKDEP NOCLEARLOG
[2022.09.29-09.43.58:746][  0]MapCheck: 맵 체크 완료: 오류 0 회, 경고 0 회, 소요 시간 0.123ms.
[2022.09.29-09.43.58:746][  0]LogFileHelpers: Loading map 'Template_Default' took 0.093
[2022.09.29-09.43.58:748][  0]LogUnrealEdMisc: Total Editor Startup Time, took 8.448
[2022.09.29-09.43.58:882][  0]LogSlate: Updating window title bar state: overlay mode, drag disabled, window buttons hidden, title bar hidden
[2022.09.29-09.43.58:889][  0]LogSlate: Updating window title bar state: overlay mode, drag disabled, window buttons hidden, title bar hidden
[2022.09.29-09.43.58:895][  0]LogSlate: Updating window title bar state: overlay mode, drag disabled, window buttons hidden, title bar hidden
[2022.09.29-09.43.58:902][  0]LogSlate: Updating window title bar state: overlay mode, drag disabled, window buttons hidden, title bar hidden
[2022.09.29-09.43.58:918][  0]LogNativeClassHierarchy: Verbose: Native class hierarchy populated in 0.0105 seconds. Added 3822 classes and 928 folders.
[2022.09.29-09.43.58:920][  0]LogNativeClassHierarchy: Verbose: Native class hierarchy updated for 'WidgetCarousel' in 0.0002 seconds. Added 0 classes and 0 folders.
[2022.09.29-09.43.58:922][  0]LogPakFile: PakFile PrimaryIndexSize=187
[2022.09.29-09.43.58:922][  0]LogPakFile: PakFile PathHashIndexSize=101
[2022.09.29-09.43.58:922][  0]LogPakFile: PakFile FullDirectoryIndexSize=148
[2022.09.29-09.43.58:922][  0]LogShaderLibrary: Display: ShaderCodeLibraryPakFileMountedCallback: PakFile 'D:/EpicGames/UE_4.27/FeaturePacks/FP_FirstPerson.upack' (chunk index -1, root 'root:/') mounted
[2022.09.29-09.43.58:922][  0]LogShaderLibrary: Display: ShaderCodeLibraryPakFileMountedCallback: pending pak file info (ChunkID:-1 Root:root:/ File:D:/EpicGames/UE_4.27/FeaturePacks/FP_FirstPerson.upack)
[2022.09.29-09.43.58:922][  0]LogPakFile: OnPakFileMounted2Time == 0.000060
[2022.09.29-09.43.58:922][  0]LogPakFile: PakFile PrimaryIndexSize=189
[2022.09.29-09.43.58:922][  0]LogPakFile: PakFile PathHashIndexSize=101
[2022.09.29-09.43.58:922][  0]LogPakFile: PakFile FullDirectoryIndexSize=152
[2022.09.29-09.43.58:923][  0]LogShaderLibrary: Display: ShaderCodeLibraryPakFileMountedCallback: PakFile 'D:/EpicGames/UE_4.27/FeaturePacks/FP_FirstPersonBP.upack' (chunk index -1, root 'root:/') mounted
[2022.09.29-09.43.58:923][  0]LogShaderLibrary: Display: ShaderCodeLibraryPakFileMountedCallback: pending pak file info (ChunkID:-1 Root:root:/ File:D:/EpicGames/UE_4.27/FeaturePacks/FP_FirstPersonBP.upack)
[2022.09.29-09.43.58:923][  0]LogPakFile: OnPakFileMounted2Time == 0.000068
[2022.09.29-09.43.58:923][  0]LogPakFile: PakFile PrimaryIndexSize=191
[2022.09.29-09.43.58:923][  0]LogPakFile: PakFile PathHashIndexSize=101
[2022.09.29-09.43.58:923][  0]LogPakFile: PakFile FullDirectoryIndexSize=160
[2022.09.29-09.43.58:923][  0]LogShaderLibrary: Display: ShaderCodeLibraryPakFileMountedCallback: PakFile 'D:/EpicGames/UE_4.27/FeaturePacks/MobileStarterContent.upack' (chunk index -1, root 'root:/') mounted
[2022.09.29-09.43.58:923][  0]LogShaderLibrary: Display: ShaderCodeLibraryPakFileMountedCallback: pending pak file info (ChunkID:-1 Root:root:/ File:D:/EpicGames/UE_4.27/FeaturePacks/MobileStarterContent.upack)
[2022.09.29-09.43.58:923][  0]LogPakFile: OnPakFileMounted2Time == 0.000037
[2022.09.29-09.43.58:924][  0]LogPakFile: PakFile PrimaryIndexSize=185
[2022.09.29-09.43.58:924][  0]LogPakFile: PakFile PathHashIndexSize=101
[2022.09.29-09.43.58:924][  0]LogPakFile: PakFile FullDirectoryIndexSize=148
[2022.09.29-09.43.58:924][  0]LogShaderLibrary: Display: ShaderCodeLibraryPakFileMountedCallback: PakFile 'D:/EpicGames/UE_4.27/FeaturePacks/StarterContent.upack' (chunk index -1, root 'root:/') mounted
[2022.09.29-09.43.58:924][  0]LogShaderLibrary: Display: ShaderCodeLibraryPakFileMountedCallback: pending pak file info (ChunkID:-1 Root:root:/ File:D:/EpicGames/UE_4.27/FeaturePacks/StarterContent.upack)
[2022.09.29-09.43.58:924][  0]LogPakFile: OnPakFileMounted2Time == 0.000038
[2022.09.29-09.43.58:924][  0]LogPakFile: PakFile PrimaryIndexSize=190
[2022.09.29-09.43.58:924][  0]LogPakFile: PakFile PathHashIndexSize=101
[2022.09.29-09.43.58:924][  0]LogPakFile: PakFile FullDirectoryIndexSize=154
[2022.09.29-09.43.58:924][  0]LogShaderLibrary: Display: ShaderCodeLibraryPakFileMountedCallback: PakFile 'D:/EpicGames/UE_4.27/FeaturePacks/TP_2DSideScroller.upack' (chunk index -1, root 'root:/') mounted
[2022.09.29-09.43.58:925][  0]LogShaderLibrary: Display: ShaderCodeLibraryPakFileMountedCallback: pending pak file info (ChunkID:-1 Root:root:/ File:D:/EpicGames/UE_4.27/FeaturePacks/TP_2DSideScroller.upack)
[2022.09.29-09.43.58:925][  0]LogPakFile: OnPakFileMounted2Time == 0.000053
[2022.09.29-09.43.58:925][  0]LogPakFile: PakFile PrimaryIndexSize=192
[2022.09.29-09.43.58:925][  0]LogPakFile: PakFile PathHashIndexSize=101
[2022.09.29-09.43.58:925][  0]LogPakFile: PakFile FullDirectoryIndexSize=158
[2022.09.29-09.43.58:925][  0]LogShaderLibrary: Display: ShaderCodeLibraryPakFileMountedCallback: PakFile 'D:/EpicGames/UE_4.27/FeaturePacks/TP_2DSideScrollerBP.upack' (chunk index -1, root 'root:/') mounted
[2022.09.29-09.43.58:925][  0]LogShaderLibrary: Display: ShaderCodeLibraryPakFileMountedCallback: pending pak file info (ChunkID:-1 Root:root:/ File:D:/EpicGames/UE_4.27/FeaturePacks/TP_2DSideScrollerBP.upack)
[2022.09.29-09.43.58:925][  0]LogPakFile: OnPakFileMounted2Time == 0.000037
[2022.09.29-09.43.58:926][  0]LogPakFile: PakFile PrimaryIndexSize=182
[2022.09.29-09.43.58:926][  0]LogPakFile: PakFile PathHashIndexSize=101
[2022.09.29-09.43.58:926][  0]LogPakFile: PakFile FullDirectoryIndexSize=138
[2022.09.29-09.43.58:926][  0]LogShaderLibrary: Display: ShaderCodeLibraryPakFileMountedCallback: PakFile 'D:/EpicGames/UE_4.27/FeaturePacks/TP_Flying.upack' (chunk index -1, root 'root:/') mounted
[2022.09.29-09.43.58:926][  0]LogShaderLibrary: Display: ShaderCodeLibraryPakFileMountedCallback: pending pak file info (ChunkID:-1 Root:root:/ File:D:/EpicGames/UE_4.27/FeaturePacks/TP_Flying.upack)
[2022.09.29-09.43.58:926][  0]LogPakFile: OnPakFileMounted2Time == 0.000036
[2022.09.29-09.43.58:926][  0]LogPakFile: PakFile PrimaryIndexSize=184
[2022.09.29-09.43.58:926][  0]LogPakFile: PakFile PathHashIndexSize=101
[2022.09.29-09.43.58:926][  0]LogPakFile: PakFile FullDirectoryIndexSize=142
[2022.09.29-09.43.58:926][  0]LogShaderLibrary: Display: ShaderCodeLibraryPakFileMountedCallback: PakFile 'D:/EpicGames/UE_4.27/FeaturePacks/TP_FlyingBP.upack' (chunk index -1, root 'root:/') mounted
[2022.09.29-09.43.58:926][  0]LogShaderLibrary: Display: ShaderCodeLibraryPakFileMountedCallback: pending pak file info (ChunkID:-1 Root:root:/ File:D:/EpicGames/UE_4.27/FeaturePacks/TP_FlyingBP.upack)
[2022.09.29-09.43.58:926][  0]LogPakFile: OnPakFileMounted2Time == 0.000036
[2022.09.29-09.43.58:927][  0]LogPakFile: PakFile PrimaryIndexSize=188
[2022.09.29-09.43.58:927][  0]LogPakFile: PakFile PathHashIndexSize=101
[2022.09.29-09.43.58:927][  0]LogPakFile: PakFile FullDirectoryIndexSize=150
[2022.09.29-09.43.58:927][  0]LogShaderLibrary: Display: ShaderCodeLibraryPakFileMountedCallback: PakFile 'D:/EpicGames/UE_4.27/FeaturePacks/TP_HandheldARBP.upack' (chunk index -1, root 'root:/') mounted
[2022.09.29-09.43.58:927][  0]LogShaderLibrary: Display: ShaderCodeLibraryPakFileMountedCallback: pending pak file info (ChunkID:-1 Root:root:/ File:D:/EpicGames/UE_4.27/FeaturePacks/TP_HandheldARBP.upack)
[2022.09.29-09.43.58:927][  0]LogPakFile: OnPakFileMounted2Time == 0.000037
[2022.09.29-09.43.58:928][  0]LogPakFile: PakFile PrimaryIndexSize=182
[2022.09.29-09.43.58:928][  0]LogPakFile: PakFile PathHashIndexSize=101
[2022.09.29-09.43.58:928][  0]LogPakFile: PakFile FullDirectoryIndexSize=138
[2022.09.29-09.43.58:928][  0]LogShaderLibrary: Display: ShaderCodeLibraryPakFileMountedCallback: PakFile 'D:/EpicGames/UE_4.27/FeaturePacks/TP_Puzzle.upack' (chunk index -1, root 'root:/') mounted
[2022.09.29-09.43.58:928][  0]LogShaderLibrary: Display: ShaderCodeLibraryPakFileMountedCallback: pending pak file info (ChunkID:-1 Root:root:/ File:D:/EpicGames/UE_4.27/FeaturePacks/TP_Puzzle.upack)
[2022.09.29-09.43.58:928][  0]LogPakFile: OnPakFileMounted2Time == 0.000037
[2022.09.29-09.43.58:929][  0]LogPakFile: PakFile PrimaryIndexSize=184
[2022.09.29-09.43.58:929][  0]LogPakFile: PakFile PathHashIndexSize=101
[2022.09.29-09.43.58:929][  0]LogPakFile: PakFile FullDirectoryIndexSize=142
[2022.09.29-09.43.58:929][  0]LogShaderLibrary: Display: ShaderCodeLibraryPakFileMountedCallback: PakFile 'D:/EpicGames/UE_4.27/FeaturePacks/TP_PuzzleBP.upack' (chunk index -1, root 'root:/') mounted
[2022.09.29-09.43.58:929][  0]LogShaderLibrary: Display: ShaderCodeLibraryPakFileMountedCallback: pending pak file info (ChunkID:-1 Root:root:/ File:D:/EpicGames/UE_4.27/FeaturePacks/TP_PuzzleBP.upack)
[2022.09.29-09.43.58:929][  0]LogPakFile: OnPakFileMounted2Time == 0.000192
[2022.09.29-09.43.58:930][  0]LogPakFile: PakFile PrimaryIndexSize=183
[2022.09.29-09.43.58:930][  0]LogPakFile: PakFile PathHashIndexSize=101
[2022.09.29-09.43.58:930][  0]LogPakFile: PakFile FullDirectoryIndexSize=140
[2022.09.29-09.43.58:930][  0]LogShaderLibrary: Display: ShaderCodeLibraryPakFileMountedCallback: PakFile 'D:/EpicGames/UE_4.27/FeaturePacks/TP_Rolling.upack' (chunk index -1, root 'root:/') mounted
[2022.09.29-09.43.58:930][  0]LogShaderLibrary: Display: ShaderCodeLibraryPakFileMountedCallback: pending pak file info (ChunkID:-1 Root:root:/ File:D:/EpicGames/UE_4.27/FeaturePacks/TP_Rolling.upack)
[2022.09.29-09.43.58:930][  0]LogPakFile: OnPakFileMounted2Time == 0.000038
[2022.09.29-09.43.58:930][  0]LogPakFile: PakFile PrimaryIndexSize=185
[2022.09.29-09.43.58:930][  0]LogPakFile: PakFile PathHashIndexSize=101
[2022.09.29-09.43.58:930][  0]LogPakFile: PakFile FullDirectoryIndexSize=144
[2022.09.29-09.43.58:931][  0]LogShaderLibrary: Display: ShaderCodeLibraryPakFileMountedCallback: PakFile 'D:/EpicGames/UE_4.27/FeaturePacks/TP_RollingBP.upack' (chunk index -1, root 'root:/') mounted
[2022.09.29-09.43.58:931][  0]LogShaderLibrary: Display: ShaderCodeLibraryPakFileMountedCallback: pending pak file info (ChunkID:-1 Root:root:/ File:D:/EpicGames/UE_4.27/FeaturePacks/TP_RollingBP.upack)
[2022.09.29-09.43.58:931][  0]LogPakFile: OnPakFileMounted2Time == 0.000079
[2022.09.29-09.43.58:931][  0]LogPakFile: PakFile PrimaryIndexSize=188
[2022.09.29-09.43.58:931][  0]LogPakFile: PakFile PathHashIndexSize=101
[2022.09.29-09.43.58:931][  0]LogPakFile: PakFile FullDirectoryIndexSize=150
[2022.09.29-09.43.58:931][  0]LogShaderLibrary: Display: ShaderCodeLibraryPakFileMountedCallback: PakFile 'D:/EpicGames/UE_4.27/FeaturePacks/TP_SideScroller.upack' (chunk index -1, root 'root:/') mounted
[2022.09.29-09.43.58:931][  0]LogShaderLibrary: Display: ShaderCodeLibraryPakFileMountedCallback: pending pak file info (ChunkID:-1 Root:root:/ File:D:/EpicGames/UE_4.27/FeaturePacks/TP_SideScroller.upack)
[2022.09.29-09.43.58:931][  0]LogPakFile: OnPakFileMounted2Time == 0.000037
[2022.09.29-09.43.58:932][  0]LogPakFile: PakFile PrimaryIndexSize=190
[2022.09.29-09.43.58:932][  0]LogPakFile: PakFile PathHashIndexSize=101
[2022.09.29-09.43.58:932][  0]LogPakFile: PakFile FullDirectoryIndexSize=154
[2022.09.29-09.43.58:932][  0]LogShaderLibrary: Display: ShaderCodeLibraryPakFileMountedCallback: PakFile 'D:/EpicGames/UE_4.27/FeaturePacks/TP_SideScrollerBP.upack' (chunk index -1, root 'root:/') mounted
[2022.09.29-09.43.58:932][  0]LogShaderLibrary: Display: ShaderCodeLibraryPakFileMountedCallback: pending pak file info (ChunkID:-1 Root:root:/ File:D:/EpicGames/UE_4.27/FeaturePacks/TP_SideScrollerBP.upack)
[2022.09.29-09.43.58:932][  0]LogPakFile: OnPakFileMounted2Time == 0.000054
[2022.09.29-09.43.58:933][  0]LogPakFile: PakFile PrimaryIndexSize=187
[2022.09.29-09.43.58:933][  0]LogPakFile: PakFile PathHashIndexSize=101
[2022.09.29-09.43.58:933][  0]LogPakFile: PakFile FullDirectoryIndexSize=148
[2022.09.29-09.43.58:933][  0]LogShaderLibrary: Display: ShaderCodeLibraryPakFileMountedCallback: PakFile 'D:/EpicGames/UE_4.27/FeaturePacks/TP_ThirdPerson.upack' (chunk index -1, root 'root:/') mounted
[2022.09.29-09.43.58:933][  0]LogShaderLibrary: Display: ShaderCodeLibraryPakFileMountedCallback: pending pak file info (ChunkID:-1 Root:root:/ File:D:/EpicGames/UE_4.27/FeaturePacks/TP_ThirdPerson.upack)
[2022.09.29-09.43.58:933][  0]LogPakFile: OnPakFileMounted2Time == 0.000041
[2022.09.29-09.43.58:933][  0]LogPakFile: PakFile PrimaryIndexSize=189
[2022.09.29-09.43.58:933][  0]LogPakFile: PakFile PathHashIndexSize=101
[2022.09.29-09.43.58:933][  0]LogPakFile: PakFile FullDirectoryIndexSize=152
[2022.09.29-09.43.58:933][  0]LogShaderLibrary: Display: ShaderCodeLibraryPakFileMountedCallback: PakFile 'D:/EpicGames/UE_4.27/FeaturePacks/TP_ThirdPersonBP.upack' (chunk index -1, root 'root:/') mounted
[2022.09.29-09.43.58:933][  0]LogShaderLibrary: Display: ShaderCodeLibraryPakFileMountedCallback: pending pak file info (ChunkID:-1 Root:root:/ File:D:/EpicGames/UE_4.27/FeaturePacks/TP_ThirdPersonBP.upack)
[2022.09.29-09.43.58:933][  0]LogPakFile: OnPakFileMounted2Time == 0.000036
[2022.09.29-09.43.58:934][  0]LogPakFile: PakFile PrimaryIndexSize=183
[2022.09.29-09.43.58:934][  0]LogPakFile: PakFile PathHashIndexSize=101
[2022.09.29-09.43.58:934][  0]LogPakFile: PakFile FullDirectoryIndexSize=140
[2022.09.29-09.43.58:934][  0]LogShaderLibrary: Display: ShaderCodeLibraryPakFileMountedCallback: PakFile 'D:/EpicGames/UE_4.27/FeaturePacks/TP_TopDown.upack' (chunk index -1, root 'root:/') mounted
[2022.09.29-09.43.58:934][  0]LogShaderLibrary: Display: ShaderCodeLibraryPakFileMountedCallback: pending pak file info (ChunkID:-1 Root:root:/ File:D:/EpicGames/UE_4.27/FeaturePacks/TP_TopDown.upack)
[2022.09.29-09.43.58:934][  0]LogPakFile: OnPakFileMounted2Time == 0.000043
[2022.09.29-09.43.58:935][  0]LogPakFile: PakFile PrimaryIndexSize=185
[2022.09.29-09.43.58:935][  0]LogPakFile: PakFile PathHashIndexSize=101
[2022.09.29-09.43.58:935][  0]LogPakFile: PakFile FullDirectoryIndexSize=144
[2022.09.29-09.43.58:935][  0]LogShaderLibrary: Display: ShaderCodeLibraryPakFileMountedCallback: PakFile 'D:/EpicGames/UE_4.27/FeaturePacks/TP_TopDownBP.upack' (chunk index -1, root 'root:/') mounted
[2022.09.29-09.43.58:935][  0]LogShaderLibrary: Display: ShaderCodeLibraryPakFileMountedCallback: pending pak file info (ChunkID:-1 Root:root:/ File:D:/EpicGames/UE_4.27/FeaturePacks/TP_TopDownBP.upack)
[2022.09.29-09.43.58:935][  0]LogPakFile: OnPakFileMounted2Time == 0.000037
[2022.09.29-09.43.58:935][  0]LogPakFile: PakFile PrimaryIndexSize=185
[2022.09.29-09.43.58:935][  0]LogPakFile: PakFile PathHashIndexSize=101
[2022.09.29-09.43.58:935][  0]LogPakFile: PakFile FullDirectoryIndexSize=144
[2022.09.29-09.43.58:935][  0]LogShaderLibrary: Display: ShaderCodeLibraryPakFileMountedCallback: PakFile 'D:/EpicGames/UE_4.27/FeaturePacks/TP_TwinStick.upack' (chunk index -1, root 'root:/') mounted
[2022.09.29-09.43.58:935][  0]LogShaderLibrary: Display: ShaderCodeLibraryPakFileMountedCallback: pending pak file info (ChunkID:-1 Root:root:/ File:D:/EpicGames/UE_4.27/FeaturePacks/TP_TwinStick.upack)
[2022.09.29-09.43.58:935][  0]LogPakFile: OnPakFileMounted2Time == 0.000036
[2022.09.29-09.43.58:936][  0]LogPakFile: PakFile PrimaryIndexSize=187
[2022.09.29-09.43.58:936][  0]LogPakFile: PakFile PathHashIndexSize=101
[2022.09.29-09.43.58:936][  0]LogPakFile: PakFile FullDirectoryIndexSize=148
[2022.09.29-09.43.58:936][  0]LogShaderLibrary: Display: ShaderCodeLibraryPakFileMountedCallback: PakFile 'D:/EpicGames/UE_4.27/FeaturePacks/TP_TwinStickBP.upack' (chunk index -1, root 'root:/') mounted
[2022.09.29-09.43.58:936][  0]LogShaderLibrary: Display: ShaderCodeLibraryPakFileMountedCallback: pending pak file info (ChunkID:-1 Root:root:/ File:D:/EpicGames/UE_4.27/FeaturePacks/TP_TwinStickBP.upack)
[2022.09.29-09.43.58:936][  0]LogPakFile: OnPakFileMounted2Time == 0.000037
[2022.09.29-09.43.58:937][  0]LogPakFile: PakFile PrimaryIndexSize=183
[2022.09.29-09.43.58:937][  0]LogPakFile: PakFile PathHashIndexSize=101
[2022.09.29-09.43.58:937][  0]LogPakFile: PakFile FullDirectoryIndexSize=140
[2022.09.29-09.43.58:937][  0]LogShaderLibrary: Display: ShaderCodeLibraryPakFileMountedCallback: PakFile 'D:/EpicGames/UE_4.27/FeaturePacks/TP_Vehicle.upack' (chunk index -1, root 'root:/') mounted
[2022.09.29-09.43.58:937][  0]LogShaderLibrary: Display: ShaderCodeLibraryPakFileMountedCallback: pending pak file info (ChunkID:-1 Root:root:/ File:D:/EpicGames/UE_4.27/FeaturePacks/TP_Vehicle.upack)
[2022.09.29-09.43.58:937][  0]LogPakFile: OnPakFileMounted2Time == 0.000036
[2022.09.29-09.43.58:937][  0]LogPakFile: PakFile PrimaryIndexSize=186
[2022.09.29-09.43.58:937][  0]LogPakFile: PakFile PathHashIndexSize=101
[2022.09.29-09.43.58:937][  0]LogPakFile: PakFile FullDirectoryIndexSize=146
[2022.09.29-09.43.58:937][  0]LogShaderLibrary: Display: ShaderCodeLibraryPakFileMountedCallback: PakFile 'D:/EpicGames/UE_4.27/FeaturePacks/TP_VehicleAdv.upack' (chunk index -1, root 'root:/') mounted
[2022.09.29-09.43.58:937][  0]LogShaderLibrary: Display: ShaderCodeLibraryPakFileMountedCallback: pending pak file info (ChunkID:-1 Root:root:/ File:D:/EpicGames/UE_4.27/FeaturePacks/TP_VehicleAdv.upack)
[2022.09.29-09.43.58:937][  0]LogPakFile: OnPakFileMounted2Time == 0.000036
[2022.09.29-09.43.58:938][  0]LogPakFile: PakFile PrimaryIndexSize=188
[2022.09.29-09.43.58:938][  0]LogPakFile: PakFile PathHashIndexSize=101
[2022.09.29-09.43.58:938][  0]LogPakFile: PakFile FullDirectoryIndexSize=150
[2022.09.29-09.43.58:938][  0]LogShaderLibrary: Display: ShaderCodeLibraryPakFileMountedCallback: PakFile 'D:/EpicGames/UE_4.27/FeaturePacks/TP_VehicleAdvBP.upack' (chunk index -1, root 'root:/') mounted
[2022.09.29-09.43.58:938][  0]LogShaderLibrary: Display: ShaderCodeLibraryPakFileMountedCallback: pending pak file info (ChunkID:-1 Root:root:/ File:D:/EpicGames/UE_4.27/FeaturePacks/TP_VehicleAdvBP.upack)
[2022.09.29-09.43.58:938][  0]LogPakFile: OnPakFileMounted2Time == 0.000036
[2022.09.29-09.43.58:939][  0]LogPakFile: PakFile PrimaryIndexSize=185
[2022.09.29-09.43.58:939][  0]LogPakFile: PakFile PathHashIndexSize=101
[2022.09.29-09.43.58:939][  0]LogPakFile: PakFile FullDirectoryIndexSize=144
[2022.09.29-09.43.58:939][  0]LogShaderLibrary: Display: ShaderCodeLibraryPakFileMountedCallback: PakFile 'D:/EpicGames/UE_4.27/FeaturePacks/TP_VehicleBP.upack' (chunk index -1, root 'root:/') mounted
[2022.09.29-09.43.58:939][  0]LogShaderLibrary: Display: ShaderCodeLibraryPakFileMountedCallback: pending pak file info (ChunkID:-1 Root:root:/ File:D:/EpicGames/UE_4.27/FeaturePacks/TP_VehicleBP.upack)
[2022.09.29-09.43.58:939][  0]LogPakFile: OnPakFileMounted2Time == 0.000039
[2022.09.29-09.43.58:939][  0]LogPakFile: PakFile PrimaryIndexSize=192
[2022.09.29-09.43.58:939][  0]LogPakFile: PakFile PathHashIndexSize=101
[2022.09.29-09.43.58:939][  0]LogPakFile: PakFile FullDirectoryIndexSize=158
[2022.09.29-09.43.58:939][  0]LogShaderLibrary: Display: ShaderCodeLibraryPakFileMountedCallback: PakFile 'D:/EpicGames/UE_4.27/FeaturePacks/TP_VirtualRealityBP.upack' (chunk index -1, root 'root:/') mounted
[2022.09.29-09.43.58:939][  0]LogShaderLibrary: Display: ShaderCodeLibraryPakFileMountedCallback: pending pak file info (ChunkID:-1 Root:root:/ File:D:/EpicGames/UE_4.27/FeaturePacks/TP_VirtualRealityBP.upack)
[2022.09.29-09.43.58:939][  0]LogPakFile: OnPakFileMounted2Time == 0.000036
[2022.09.29-09.43.58:993][  0]LogNativeClassHierarchy: Verbose: Native class hierarchy updated for 'AddContentDialog' in 0.0002 seconds. Added 0 classes and 0 folders.
[2022.09.29-09.43.58:994][  0]LogNativeClassHierarchy: Verbose: Native class hierarchy updated for 'SceneOutliner' in 0.0004 seconds. Added 2 classes and 0 folders.
[2022.09.29-09.43.59:029][  0]LogSlate: Took 0.000359 seconds to synchronously load lazily loaded font '../../../Engine/Content/Slate/Fonts/Roboto-Regular.ttf' (155K)
[2022.09.29-09.43.59:031][  0]LogSlate: Took 0.002358 seconds to synchronously load lazily loaded font '../../../Engine/Content/Editor/Slate/Fonts/NanumGothic.ttf' (4243K)
[2022.09.29-09.43.59:032][  0]LogSlate: Took 0.000277 seconds to synchronously load lazily loaded font '../../../Engine/Content/Editor/Slate/Fonts/FontAwesome.ttf' (139K)
[2022.09.29-09.43.59:034][  0]LogSlate: Took 0.001887 seconds to synchronously load lazily loaded font '../../../Engine/Content/Editor/Slate/Fonts/NanumGothicBold.ttf' (4188K)
[2022.09.29-09.43.59:034][  0]LogSlate: Took 0.000141 seconds to synchronously load lazily loaded font '../../../Engine/Content/Slate/Fonts/Roboto-Bold.ttf' (160K)
[2022.09.29-09.43.59:131][  0]LogRenderer: Reallocating scene render targets to support 1208x572 Format 10 NumSamples 1 (Frame:1).
[2022.09.29-09.43.59:225][  0]LogNativeClassHierarchy: Verbose: Native class hierarchy updated for 'HierarchicalLODOutliner' in 0.0003 seconds. Added 0 classes and 0 folders.
[2022.09.29-09.43.59:225][  0]LogLoad: (Engine Initialization) Total time: 8.93 seconds
[2022.09.29-09.43.59:225][  0]LogLoad: (Engine Initialization) Total Blueprint compile time: 0.00 seconds
[2022.09.29-09.43.59:271][  0]LogAssetRegistry: Asset discovery search completed in 4.8069 seconds
[2022.09.29-09.43.59:277][  0]LogCollectionManager: Fixed up redirectors for 0 collections in 0.000005 seconds (updated 0 objects)
[2022.09.29-09.43.59:279][  0]LogContentStreaming: Texture pool size now 1000 MB
[2022.09.29-09.43.59:357][  3]LogSlate: Took 0.000238 seconds to synchronously load lazily loaded font '../../../Engine/Content/Slate/Fonts/Roboto-Light.ttf' (167K)
[2022.09.29-09.44.04:274][584]LogUObjectHash: Compacting FUObjectHashTables data took   0.53ms
[2022.09.29-09.44.04:279][584]LogSlate: Took 0.000310 seconds to synchronously load lazily loaded font '../../../Engine/Content/Slate/Fonts/Roboto-Light.ttf' (167K)
[2022.09.29-09.44.04:319][584]LogAssetEditorSubsystem: Opening Asset editor for World /Game/CreateLevel.CreateLevel
[2022.09.29-09.44.04:319][584]Cmd: MAP LOAD FILE="../../../firstproject/내프로젝트2/Content/CreateLevel.umap" TEMPLATE=0 SHOWPROGRESS=1 FEATURELEVEL=3
[2022.09.29-09.44.04:319][584]LightingResults: New page: 라이팅 빌드
[2022.09.29-09.44.04:319][584]LoadErrors: New page: 맵 로드 중: CreateLevel.umap
[2022.09.29-09.44.04:351][584]LogWorld: UWorld::CleanupWorld for Untitled_1, bSessionEnded=true, bCleanupResources=true
[2022.09.29-09.44.04:351][584]LogSlate: InvalidateAllWidgets triggered.  All widgets were invalidated
[2022.09.29-09.44.04:351][584]MapCheck: New page: 맵 체크
[2022.09.29-09.44.04:351][584]LightingResults: New page: 라이팅 빌드
[2022.09.29-09.44.04:358][584]LogAudio: Display: Audio Device unregistered from world 'None'.
[2022.09.29-09.44.04:360][584]LogUObjectHash: Compacting FUObjectHashTables data took   0.73ms
[2022.09.29-09.44.04:360][584]LogAudio: Display: Audio Device (ID: 1) registered with world 'CreateLevel'.
[2022.09.29-09.44.04:364][584]LogEditorServer: Finished looking for orphan Actors (0.000 secs)
[2022.09.29-09.44.04:364][584]LogAIModule: Creating AISystem for world CreateLevel
[2022.09.29-09.44.04:373][584]LogUObjectHash: Compacting FUObjectHashTables data took   0.56ms
[2022.09.29-09.44.04:376][584]Cmd: MAP CHECKDEP NOCLEARLOG
[2022.09.29-09.44.04:376][584]MapCheck: 맵 체크 완료: 오류 0 회, 경고 0 회, 소요 시간 0.07ms.
[2022.09.29-09.44.04:376][584]LogFileHelpers: Loading map 'CreateLevel' took 0.056
